<?xml version="1.0" encoding="utf-8"?>
<TestRun id="30fb8174-3c82-4497-8ca6-0e4ff2ff5217" name="user@THESRIPC 2026-03-23 03:23:19" runUser="THESRIPC\user" xmlns="http://microsoft.com/schemas/VisualStudio/TeamTest/2010">
  <Times creation="2026-03-23T03:23:19.8205167+05:30" queuing="2026-03-23T03:23:19.8205168+05:30" start="2026-03-23T03:23:19.3303627+05:30" finish="2026-03-23T03:23:19.9165284+05:30" />
  <TestSettings name="default" id="086c96b3-78e0-4f2e-8b55-fb8b6bd66355">
    <Deployment runDeploymentRoot="user_THESRIPC_2026-03-23_03_23_19" />
  </TestSettings>
  <Results>
    <UnitTestResult executionId="adcff247-0c34-4896-973c-73815e1598dc" testId="9300d882-b705-423e-db83-a69598149ece" testName="XCom2ConfigParser2.Tests.StructValidation.StructCacheTests.StructCache_TryGet_NonExistentCache_ReturnsFalse" computerName="THESRIPC" duration="00:00:00.0005553" startTime="2026-03-23T03:23:19.8323623+05:30" endTime="2026-03-23T03:23:19.8328453+05:30" testType="13cdc9d9-ddb5-4fa4-a97d-d965ccfc6d4b" outcome="Passed" testListId="8c84fa94-04c1-424b-9868-57a2d4851a1d" relativeResultsDirectory="adcff247-0c34-4896-973c-73815e1598dc" />
    <UnitTestResult executionId="8fdab60a-9d20-4eee-a4af-018e1dcc186e" testId="2c0af29f-3352-1603-525b-a136d051867f" testName="XCom2ConfigParser2.Tests.Parser.DirectiveTokenizerTests.Tokenize_KvpWithDotPrefix_ReturnsInsert" computerName="THESRIPC" duration="00:00:00.0003170" startTime="2026-03-23T03:23:19.8159882+05:30" endTime="2026-03-23T03:23:19.8160319+05:30" testType="13cdc9d9-ddb5-4fa4-a97d-d965ccfc6d4b" outcome="Passed" testListId="8c84fa94-04c1-424b-9868-57a2d4851a1d" relativeResultsDirectory="8fdab60a-9d20-4eee-a4af-018e1dcc186e" />
    <UnitTestResult executionId="e8ab981e-205e-44b7-ab8d-a21e357a907a" testId="f32dd5eb-3be4-0d1b-c51c-c0c0a03209c0" testName="XCom2ConfigParser2.Tests.Parser.DirectiveTokenizerTests.Tokenize_KvpWithExclaimPrefix_ReturnsClear" computerName="THESRIPC" duration="00:00:00.0003534" startTime="2026-03-23T03:23:19.8175783+05:30" endTime="2026-03-23T03:23:19.8177302+05:30" testType="13cdc9d9-ddb5-4fa4-a97d-d965ccfc6d4b" outcome="Passed" testListId="8c84fa94-04c1-424b-9868-57a2d4851a1d" relativeResultsDirectory="e8ab981e-205e-44b7-ab8d-a21e357a907a" />
    <UnitTestResult executionId="b203c424-4e7a-429e-85f0-dbdc403d948c" testId="28492ac1-5679-f287-e92a-bfe22036f54e" testName="XCom2ConfigParser2.Tests.StructValidation.StructFieldTests.StructField_ArrayType_IsStructReturnsFalse" computerName="THESRIPC" duration="00:00:00.0001635" startTime="2026-03-23T03:23:19.8134492+05:30" endTime="2026-03-23T03:23:19.8135023+05:30" testType="13cdc9d9-ddb5-4fa4-a97d-d965ccfc6d4b" outcome="Passed" testListId="8c84fa94-04c1-424b-9868-57a2d4851a1d" relativeResultsDirectory="b203c424-4e7a-429e-85f0-dbdc403d948c" />
    <UnitTestResult executionId="e1916483-0361-4b80-9f5a-b167add31bf7" testId="af7914bf-3cc9-3c0e-93fb-952da3d3eb87" testName="XCom2ConfigParser2.Tests.Validation.SimpleSyntaxValidatorTests.Validate_UnknownDirective_OtherError" computerName="THESRIPC" duration="00:00:00.0006282" startTime="2026-03-23T03:23:19.8216786+05:30" endTime="2026-03-23T03:23:19.8220688+05:30" testType="13cdc9d9-ddb5-4fa4-a97d-d965ccfc6d4b" outcome="Passed" testListId="8c84fa94-04c1-424b-9868-57a2d4851a1d" relativeResultsDirectory="e1916483-0361-4b80-9f5a-b167add31bf7" />
    <UnitTestResult executionId="2febeb3c-77c5-45e7-8751-1dd9efa63e8e" testId="76d76735-4982-9b15-518e-d029540a7434" testName="XCom2ConfigParser2.Tests.Validation.SimpleSyntaxValidatorTests.Validate_ValidArray_NoErrors" computerName="THESRIPC" duration="00:00:00.0005285" startTime="2026-03-23T03:23:19.8208579+05:30" endTime="2026-03-23T03:23:19.8210242+05:30" testType="13cdc9d9-ddb5-4fa4-a97d-d965ccfc6d4b" outcome="Passed" testListId="8c84fa94-04c1-424b-9868-57a2d4851a1d" relativeResultsDirectory="2febeb3c-77c5-45e7-8751-1dd9efa63e8e" />
    <UnitTestResult executionId="fd063d35-1673-4b33-9cc5-5f50291da725" testId="1e6df7f9-ec91-c72a-f5c1-4803bf77bbfb" testName="XCom2ConfigParser2.Tests.Parser.DirectiveTokenizerTests.Tokenize_MultipleDirectives_ReturnsAllDirectives" computerName="THESRIPC" duration="00:00:00.0002378" startTime="2026-03-23T03:23:19.8179188+05:30" endTime="2026-03-23T03:23:19.8185989+05:30" testType="13cdc9d9-ddb5-4fa4-a97d-d965ccfc6d4b" outcome="Passed" testListId="8c84fa94-04c1-424b-9868-57a2d4851a1d" relativeResultsDirectory="fd063d35-1673-4b33-9cc5-5f50291da725" />
    <UnitTestResult executionId="4884511f-3141-4008-bf08-cd28684348ce" testId="91ecc9ed-313b-b3d2-1b02-0e664e790bdc" testName="XCom2ConfigParser2.Tests.Validation.SimpleSyntaxValidatorTests.Validate_DiagnosticHasCorrectLocation" computerName="THESRIPC" duration="00:00:00.0050484" startTime="2026-03-23T03:23:19.8230005+05:30" endTime="2026-03-23T03:23:19.8243025+05:30" testType="13cdc9d9-ddb5-4fa4-a97d-d965ccfc6d4b" outcome="Passed" testListId="8c84fa94-04c1-424b-9868-57a2d4851a1d" relativeResultsDirectory="4884511f-3141-4008-bf08-cd28684348ce" />
    <UnitTestResult executionId="015f3acb-fe8f-4fe9-a2bc-8f9ce914f78a" testId="c4c375c3-625d-6b50-3b67-4a12350b77f0" testName="XCom2ConfigParser2.Tests.Configuration.SettingsLoaderTests.SettingsLoader_Load_WithCachePath_UsesConfiguredValue" computerName="THESRIPC" duration="00:00:00.0020082" startTime="2026-03-23T03:23:19.8246960+05:30" endTime="2026-03-23T03:23:19.8248744+05:30" testType="13cdc9d9-ddb5-4fa4-a97d-d965ccfc6d4b" outcome="Passed" testListId="8c84fa94-04c1-424b-9868-57a2d4851a1d" relativeResultsDirectory="015f3acb-fe8f-4fe9-a2bc-8f9ce914f78a" />
    <UnitTestResult executionId="8e7f0b39-5946-4ce5-9141-74edbe99ad92" testId="352208d8-8c85-8369-f13f-193ef5e46ad1" testName="XCom2ConfigParser2.Tests.StructValidation.StructCacheTests.StructCache_TryGet_ExpiredCache_ReturnsFalse" computerName="THESRIPC" duration="00:00:00.0073846" startTime="2026-03-23T03:23:19.8411887+05:30" endTime="2026-03-23T03:23:19.8485184+05:30" testType="13cdc9d9-ddb5-4fa4-a97d-d965ccfc6d4b" outcome="Passed" testListId="8c84fa94-04c1-424b-9868-57a2d4851a1d" relativeResultsDirectory="8e7f0b39-5946-4ce5-9141-74edbe99ad92" />
    <UnitTestResult executionId="51bd0ab1-7723-4903-8a39-cc0a412051ef" testId="110d455e-dad3-5d9f-996c-d3a6bc038bd7" testName="XCom2ConfigParser2.Tests.Parser.StructParserTests.TryParse_InvalidStruct_ReturnsNull" computerName="THESRIPC" duration="00:00:00.0016801" startTime="2026-03-23T03:23:19.8157976+05:30" endTime="2026-03-23T03:23:19.8176260+05:30" testType="13cdc9d9-ddb5-4fa4-a97d-d965ccfc6d4b" outcome="Passed" testListId="8c84fa94-04c1-424b-9868-57a2d4851a1d" relativeResultsDirectory="51bd0ab1-7723-4903-8a39-cc0a412051ef" />
    <UnitTestResult executionId="170ee86b-d201-4c7d-b353-cfaa9f7b8303" testId="ffaec406-4359-823c-10a3-2f96bd3f812a" testName="XCom2ConfigParser2.Tests.Configuration.SettingsLoaderTests.SettingsLoader_Load_WithTildePath_ExpandsToHomeDirectory" computerName="THESRIPC" duration="00:00:00.0178584" startTime="2026-03-23T03:23:19.7890409+05:30" endTime="2026-03-23T03:23:19.8024618+05:30" testType="13cdc9d9-ddb5-4fa4-a97d-d965ccfc6d4b" outcome="Passed" testListId="8c84fa94-04c1-424b-9868-57a2d4851a1d" relativeResultsDirectory="170ee86b-d201-4c7d-b353-cfaa9f7b8303" />
    <UnitTestResult executionId="ec9976bc-2a21-4d3e-96ae-cf25c7e81fc1" testId="fc6e71a2-848b-a619-a401-1dd15e9754d4" testName="XCom2ConfigParser2.Tests.Configuration.SettingsLoaderTests.SettingsLoader_Load_MalformedJson_ReturnsDefaults" computerName="THESRIPC" duration="00:00:00.0031954" startTime="2026-03-23T03:23:19.8205758+05:30" endTime="2026-03-23T03:23:19.8224793+05:30" testType="13cdc9d9-ddb5-4fa4-a97d-d965ccfc6d4b" outcome="Passed" testListId="8c84fa94-04c1-424b-9868-57a2d4851a1d" relativeResultsDirectory="ec9976bc-2a21-4d3e-96ae-cf25c7e81fc1" />
    <UnitTestResult executionId="368a13ea-b168-48da-a778-3cfd18afac4c" testId="5751293d-ad2f-bb1e-6d3d-801564b43919" testName="XCom2ConfigParser2.Tests.StructValidation.StructFieldTests.StructField_StructType_IsStructReturnsTrue" computerName="THESRIPC" duration="00:00:00.0001357" startTime="2026-03-23T03:23:19.8137076+05:30" endTime="2026-03-23T03:23:19.8137612+05:30" testType="13cdc9d9-ddb5-4fa4-a97d-d965ccfc6d4b" outcome="Passed" testListId="8c84fa94-04c1-424b-9868-57a2d4851a1d" relativeResultsDirectory="368a13ea-b168-48da-a778-3cfd18afac4c" />
    <UnitTestResult executionId="5312a690-e784-47ae-86b6-7e0cbcf90103" testId="47dae8d1-1d39-021a-93bf-40353fcb7aff" testName="XCom2ConfigParser2.Tests.Configuration.SettingsLoaderTests.SettingsLoader_Load_WithLocalSrcRoot_UsesConfiguredValue" computerName="THESRIPC" duration="00:00:00.0020971" startTime="2026-03-23T03:23:19.8254926+05:30" endTime="2026-03-23T03:23:19.8256267+05:30" testType="13cdc9d9-ddb5-4fa4-a97d-d965ccfc6d4b" outcome="Passed" testListId="8c84fa94-04c1-424b-9868-57a2d4851a1d" relativeResultsDirectory="5312a690-e784-47ae-86b6-7e0cbcf90103" />
    <UnitTestResult executionId="f0978a38-169c-4ead-8ff9-a90bf13821d1" testId="e62504a3-4310-713a-be2c-a6e059d3db7d" testName="XCom2ConfigParser2.Tests.Parser.LineSplitterTests.Split_SingleLine_NoContinuation_ReturnsOneLine" computerName="THESRIPC" duration="00:00:00.0010060" startTime="2026-03-23T03:23:19.8166326+05:30" endTime="2026-03-23T03:23:19.8180227+05:30" testType="13cdc9d9-ddb5-4fa4-a97d-d965ccfc6d4b" outcome="Passed" testListId="8c84fa94-04c1-424b-9868-57a2d4851a1d" relativeResultsDirectory="f0978a38-169c-4ead-8ff9-a90bf13821d1" />
    <UnitTestResult executionId="81450270-2611-4811-8e96-92f07475ba64" testId="8404bc66-32d8-a495-13e9-36dc094229bf" testName="XCom2ConfigParser2.Tests.Configuration.SettingsLoaderTests.SettingsLoader_Load_WithIniRoots_UsesConfiguredValues" computerName="THESRIPC" duration="00:00:00.0021214" startTime="2026-03-23T03:23:19.8262332+05:30" endTime="2026-03-23T03:23:19.8262872+05:30" testType="13cdc9d9-ddb5-4fa4-a97d-d965ccfc6d4b" outcome="Passed" testListId="8c84fa94-04c1-424b-9868-57a2d4851a1d" relativeResultsDirectory="81450270-2611-4811-8e96-92f07475ba64" />
    <UnitTestResult executionId="da0df27a-ee8e-4a0f-b101-b88ff769bbd0" testId="56f43942-9a06-a9aa-fd16-08f652496b74" testName="XCom2ConfigParser2.Tests.Configuration.SettingsLoaderTests.SettingsLoader_Load_WithBuildScriptPath_UsesConfiguredValue" computerName="THESRIPC" duration="00:00:00.0021140" startTime="2026-03-23T03:23:19.8257026+05:30" endTime="2026-03-23T03:23:19.8258960+05:30" testType="13cdc9d9-ddb5-4fa4-a97d-d965ccfc6d4b" outcome="Passed" testListId="8c84fa94-04c1-424b-9868-57a2d4851a1d" relativeResultsDirectory="da0df27a-ee8e-4a0f-b101-b88ff769bbd0" />
    <UnitTestResult executionId="4b2e4004-8d1c-402d-85f2-d4bb4c302dfa" testId="cf1f6bdc-bb30-52a0-4211-09d5d7be052e" testName="XCom2ConfigParser2.Tests.Parser.StructParserTests.Parse_StructWithIndex_ReturnsIndexedProperty" computerName="THESRIPC" duration="00:00:00.0013692" startTime="2026-03-23T03:23:19.8220357+05:30" endTime="2026-03-23T03:23:19.8230756+05:30" testType="13cdc9d9-ddb5-4fa4-a97d-d965ccfc6d4b" outcome="Passed" testListId="8c84fa94-04c1-424b-9868-57a2d4851a1d" relativeResultsDirectory="4b2e4004-8d1c-402d-85f2-d4bb4c302dfa" />
    <UnitTestResult executionId="92875cf4-b5b0-4033-a678-bc958b859ff0" testId="a0604407-3b32-cf6b-f9fc-dbff907d07f8" testName="XCom2ConfigParser2.Tests.StructValidation.ClassFileLocatorTests.ClassFileLocator_Locate_WithModPaths_SearchesModPaths" computerName="THESRIPC" duration="00:00:00.0109077" startTime="2026-03-23T03:23:19.8179942+05:30" endTime="2026-03-23T03:23:19.8235348+05:30" testType="13cdc9d9-ddb5-4fa4-a97d-d965ccfc6d4b" outcome="Passed" testListId="8c84fa94-04c1-424b-9868-57a2d4851a1d" relativeResultsDirectory="92875cf4-b5b0-4033-a678-bc958b859ff0" />
    <UnitTestResult executionId="ad925cc4-e605-46ae-afff-d49e2bf8e178" testId="a04dee1b-b7de-bb71-6500-f8938d77f98b" testName="XCom2ConfigParser2.Tests.Validation.SimpleSyntaxValidatorTests.Validate_InvalidIdentifier_InvalidIdentError" computerName="THESRIPC" duration="00:00:00.0003547" startTime="2026-03-23T03:23:19.8206357+05:30" endTime="2026-03-23T03:23:19.8206786+05:30" testType="13cdc9d9-ddb5-4fa4-a97d-d965ccfc6d4b" outcome="Passed" testListId="8c84fa94-04c1-424b-9868-57a2d4851a1d" relativeResultsDirectory="ad925cc4-e605-46ae-afff-d49e2bf8e178" />
    <UnitTestResult executionId="a229f7b4-df3f-4948-a502-38e2691a9b0a" testId="879eb04f-4119-baec-868c-c067c2a2bf2a" testName="XCom2ConfigParser2.Tests.StructValidation.ClassFileLocatorTests.ClassFileLocator_Locate_NonExistentClass_ReturnsNotFound" computerName="THESRIPC" duration="00:00:00.0016727" startTime="2026-03-23T03:23:19.8116599+05:30" endTime="2026-03-23T03:23:19.8139124+05:30" testType="13cdc9d9-ddb5-4fa4-a97d-d965ccfc6d4b" outcome="Passed" testListId="8c84fa94-04c1-424b-9868-57a2d4851a1d" relativeResultsDirectory="a229f7b4-df3f-4948-a502-38e2691a9b0a" />
    <UnitTestResult executionId="a3d7f9b9-d5b5-4a74-9dbd-aa279c85006e" testId="522f5e0c-77ae-d975-6ba3-ff68a4e1f467" testName="XCom2ConfigParser2.Tests.StructValidation.VariableTypeResolverTests.VariableTypeResolver_Resolve_CaseInsensitiveProperty_FindsProperty" computerName="THESRIPC" duration="00:00:00.0029387" startTime="2026-03-23T03:23:19.8479574+05:30" endTime="2026-03-23T03:23:19.8495428+05:30" testType="13cdc9d9-ddb5-4fa4-a97d-d965ccfc6d4b" outcome="Failed" testListId="8c84fa94-04c1-424b-9868-57a2d4851a1d" relativeResultsDirectory="a3d7f9b9-d5b5-4a74-9dbd-aa279c85006e">
      <Output>
        <ErrorInfo>
          <Message>Expected result.Found to be true, but found False.</Message>
          <StackTrace>   at FluentAssertions.Execution.XUnit2TestFramework.Throw(String message)&#xD;
   at FluentAssertions.Execution.TestFrameworkProvider.Throw(String message)&#xD;
   at FluentAssertions.Execution.DefaultAssertionStrategy.HandleFailure(String message)&#xD;
   at FluentAssertions.Execution.AssertionScope.FailWith(Func`1 failReasonFunc)&#xD;
   at FluentAssertions.Execution.AssertionScope.FailWith(Func`1 failReasonFunc)&#xD;
   at FluentAssertions.Execution.AssertionScope.FailWith(String message, Object[] args)&#xD;
   at FluentAssertions.Primitives.BooleanAssertions`1.BeTrue(String because, Object[] becauseArgs)&#xD;
   at XCom2ConfigParser2.Tests.StructValidation.VariableTypeResolverTests.VariableTypeResolver_Resolve_CaseInsensitiveProperty_FindsProperty() in D:\Projects\Active\Mods\XCOM2_WOTC\Xcom2Modding\XCom2ConfigParser2\XCom2ConfigParser2.Tests\StructValidation\VariableTypeResolverTests.cs:line 136&#xD;
   at System.Reflection.MethodBaseInvoker.InterpretedInvoke_Method(Object obj, IntPtr* args)&#xD;
   at System.Reflection.MethodBaseInvoker.InvokeWithNoArgs(Object obj, BindingFlags invokeAttr)</StackTrace>
        </ErrorInfo>
      </Output>
    </UnitTestResult>
    <UnitTestResult executionId="e788cc35-12be-4a6c-9d68-c516751da393" testId="e5026553-467d-16e4-b94f-b5ee75117d89" testName="XCom2ConfigParser2.Tests.Parser.StructParserTests.TryParse_NotStruct_ReturnsNull" computerName="THESRIPC" duration="00:00:00.0000755" startTime="2026-03-23T03:23:19.8232743+05:30" endTime="2026-03-23T03:23:19.8233047+05:30" testType="13cdc9d9-ddb5-4fa4-a97d-d965ccfc6d4b" outcome="Passed" testListId="8c84fa94-04c1-424b-9868-57a2d4851a1d" relativeResultsDirectory="e788cc35-12be-4a6c-9d68-c516751da393" />
    <UnitTestResult executionId="b55dc3a8-1784-4594-8b37-6561fce0677a" testId="d379b8a7-db69-856d-623f-95076836c6cd" testName="XCom2ConfigParser2.Tests.StructValidation.ClassFileLocatorTests.ClassFileLocator_Locate_ProjectSource_FindsFile" computerName="THESRIPC" duration="00:00:00.0034249" startTime="2026-03-23T03:23:19.8144228+05:30" endTime="2026-03-23T03:23:19.8178381+05:30" testType="13cdc9d9-ddb5-4fa4-a97d-d965ccfc6d4b" outcome="Passed" testListId="8c84fa94-04c1-424b-9868-57a2d4851a1d" relativeResultsDirectory="b55dc3a8-1784-4594-8b37-6561fce0677a" />
    <UnitTestResult executionId="9a59eff9-f65c-4db8-941a-24cbba8d8d68" testId="861ac2a4-0bad-3cdb-46cd-a803b74229e5" testName="XCom2ConfigParser2.Tests.Parser.StructParserTests.Parse_NestedStruct_ReturnsNestedStructure" computerName="THESRIPC" duration="00:00:00.0011877" startTime="2026-03-23T03:23:19.8154588+05:30" endTime="2026-03-23T03:23:19.8156821+05:30" testType="13cdc9d9-ddb5-4fa4-a97d-d965ccfc6d4b" outcome="Passed" testListId="8c84fa94-04c1-424b-9868-57a2d4851a1d" relativeResultsDirectory="9a59eff9-f65c-4db8-941a-24cbba8d8d68" />
    <UnitTestResult executionId="7b9c3fea-85cd-4ae6-9cc6-bdce93c37c90" testId="65b54258-ac28-518d-7ece-4bb28afaeb81" testName="XCom2ConfigParser2.Tests.StructValidation.CachedStructDefTests.CachedStructDef_DefaultConstructor_InitializesWithDefaults" computerName="THESRIPC" duration="00:00:00.0012426" startTime="2026-03-23T03:23:19.8242613+05:30" endTime="2026-03-23T03:23:19.8244897+05:30" testType="13cdc9d9-ddb5-4fa4-a97d-d965ccfc6d4b" outcome="Passed" testListId="8c84fa94-04c1-424b-9868-57a2d4851a1d" relativeResultsDirectory="7b9c3fea-85cd-4ae6-9cc6-bdce93c37c90" />
    <UnitTestResult executionId="059ce358-7516-466d-8569-a2a63f3bc5b3" testId="7c9e66f7-3142-aac2-2c50-a42dbfc9e72a" testName="XCom2ConfigParser2.Tests.Configuration.SettingsLoaderTests.SettingsLoader_Load_ExplicitModsCompiledAgainst_TakesPrecedenceOverBuildScript" computerName="THESRIPC" duration="00:00:00.0027553" startTime="2026-03-23T03:23:19.8237131+05:30" endTime="2026-03-23T03:23:19.8246185+05:30" testType="13cdc9d9-ddb5-4fa4-a97d-d965ccfc6d4b" outcome="Passed" testListId="8c84fa94-04c1-424b-9868-57a2d4851a1d" relativeResultsDirectory="059ce358-7516-466d-8569-a2a63f3bc5b3" />
    <UnitTestResult executionId="364a8669-6502-4b93-897e-f84894310f52" testId="2e5b6aa3-79a6-8d93-ca67-988bf2067627" testName="XCom2ConfigParser2.Tests.Configuration.SettingsLoaderTests.SettingsLoader_Load_WithHighlanderModsRoot_UsesConfiguredValue" computerName="THESRIPC" duration="00:00:00.0032772" startTime="2026-03-23T03:23:19.8113244+05:30" endTime="2026-03-23T03:23:19.8155493+05:30" testType="13cdc9d9-ddb5-4fa4-a97d-d965ccfc6d4b" outcome="Passed" testListId="8c84fa94-04c1-424b-9868-57a2d4851a1d" relativeResultsDirectory="364a8669-6502-4b93-897e-f84894310f52" />
    <UnitTestResult executionId="f4f58afe-809d-47b8-bfe2-2df52d5dbfb8" testId="cbdac966-66f6-16e0-11de-6155c6618dd8" testName="XCom2ConfigParser2.Tests.Parser.DirectiveTokenizerTests.Tokenize_EmptyLine_SkipsLine" computerName="THESRIPC" duration="00:00:00.0002067" startTime="2026-03-23T03:23:19.8158704+05:30" endTime="2026-03-23T03:23:19.8159076+05:30" testType="13cdc9d9-ddb5-4fa4-a97d-d965ccfc6d4b" outcome="Passed" testListId="8c84fa94-04c1-424b-9868-57a2d4851a1d" relativeResultsDirectory="f4f58afe-809d-47b8-bfe2-2df52d5dbfb8" />
    <UnitTestResult executionId="6b2b9991-a064-4c03-9008-26030e6738cf" testId="27812fdf-7240-179b-d15d-03ccd13c1f6f" testName="XCom2ConfigParser2.Tests.StructValidation.StructCacheTests.StructCache_Constructor_CreatesCacheDirectory" computerName="THESRIPC" duration="00:00:00.0007901" startTime="2026-03-23T03:23:19.8486231+05:30" endTime="2026-03-23T03:23:19.8493562+05:30" testType="13cdc9d9-ddb5-4fa4-a97d-d965ccfc6d4b" outcome="Passed" testListId="8c84fa94-04c1-424b-9868-57a2d4851a1d" relativeResultsDirectory="6b2b9991-a064-4c03-9008-26030e6738cf" />
    <UnitTestResult executionId="c87a8a74-29c1-404f-9a62-781d64ee217d" testId="bb98d76d-1bef-7900-aed1-567747c51832" testName="XCom2ConfigParser2.Tests.Parser.LineSplitterTests.GetMergedLines_Continuation_MergesLines" computerName="THESRIPC" duration="00:00:00.0018138" startTime="2026-03-23T03:23:19.8115271+05:30" endTime="2026-03-23T03:23:19.8147159+05:30" testType="13cdc9d9-ddb5-4fa4-a97d-d965ccfc6d4b" outcome="Passed" testListId="8c84fa94-04c1-424b-9868-57a2d4851a1d" relativeResultsDirectory="c87a8a74-29c1-404f-9a62-781d64ee217d" />
    <UnitTestResult executionId="97b47357-2b30-4420-ad62-5b17182fd83b" testId="0a9e0ac3-c8fa-333b-94dc-03c8fd099d27" testName="XCom2ConfigParser2.Tests.StructValidation.StructDefinitionResolverTests.StructDefinitionResolver_Resolve_NonExistentStruct_ReturnsNotFound" computerName="THESRIPC" duration="00:00:00.0020298" startTime="2026-03-23T03:23:19.8639762+05:30" endTime="2026-03-23T03:23:19.8655087+05:30" testType="13cdc9d9-ddb5-4fa4-a97d-d965ccfc6d4b" outcome="Passed" testListId="8c84fa94-04c1-424b-9868-57a2d4851a1d" relativeResultsDirectory="97b47357-2b30-4420-ad62-5b17182fd83b" />
    <UnitTestResult executionId="dd8ededd-6ec6-42c2-a40d-12a548a5f0c0" testId="89ea063d-d999-5406-fcf5-884e764a3d9a" testName="XCom2ConfigParser2.Tests.StructValidation.VariableTypeResolverTests.VariableTypeResolver_Resolve_NonExistentClass_ReturnsNotFound" computerName="THESRIPC" duration="00:00:00.0010617" startTime="2026-03-23T03:23:19.8468004+05:30" endTime="2026-03-23T03:23:19.8478485+05:30" testType="13cdc9d9-ddb5-4fa4-a97d-d965ccfc6d4b" outcome="Passed" testListId="8c84fa94-04c1-424b-9868-57a2d4851a1d" relativeResultsDirectory="dd8ededd-6ec6-42c2-a40d-12a548a5f0c0" />
    <UnitTestResult executionId="309d12ea-50fe-4bf5-adb9-4ab1cd229eec" testId="822c331c-a41c-3c86-cc03-d2647c66ac39" testName="XCom2ConfigParser2.Tests.Parser.DirectiveTokenizerTests.Tokenize_SlashSlashComment_ReturnsUnknownDirective" computerName="THESRIPC" duration="00:00:00.0001820" startTime="2026-03-23T03:23:19.8186872+05:30" endTime="2026-03-23T03:23:19.8188440+05:30" testType="13cdc9d9-ddb5-4fa4-a97d-d965ccfc6d4b" outcome="Passed" testListId="8c84fa94-04c1-424b-9868-57a2d4851a1d" relativeResultsDirectory="309d12ea-50fe-4bf5-adb9-4ab1cd229eec" />
    <UnitTestResult executionId="c7453a83-338b-4b11-84c8-6bf6a13e6112" testId="a0d40b32-1224-bf82-2b48-f8ac34367b4d" testName="XCom2ConfigParser2.Tests.Configuration.SettingsLoaderTests.SettingsLoader_Load_WithAllModsRoot_UsesConfiguredValue" computerName="THESRIPC" duration="00:00:00.0020948" startTime="2026-03-23T03:23:19.8259714+05:30" endTime="2026-03-23T03:23:19.8260282+05:30" testType="13cdc9d9-ddb5-4fa4-a97d-d965ccfc6d4b" outcome="Passed" testListId="8c84fa94-04c1-424b-9868-57a2d4851a1d" relativeResultsDirectory="c7453a83-338b-4b11-84c8-6bf6a13e6112" />
    <UnitTestResult executionId="6f6ec789-1f46-4c9d-8199-ba8b39296a7d" testId="5d5d51a9-a343-ae10-833d-871c79a013da" testName="XCom2ConfigParser2.Tests.Parser.DirectiveTokenizerTests.Tokenize_KvpWithMinusPrefix_ReturnsRemove" computerName="THESRIPC" duration="00:00:00.0002741" startTime="2026-03-23T03:23:19.8167717+05:30" endTime="2026-03-23T03:23:19.8174613+05:30" testType="13cdc9d9-ddb5-4fa4-a97d-d965ccfc6d4b" outcome="Passed" testListId="8c84fa94-04c1-424b-9868-57a2d4851a1d" relativeResultsDirectory="6f6ec789-1f46-4c9d-8199-ba8b39296a7d" />
    <UnitTestResult executionId="c2dc16ad-38cb-40c0-8943-190754107034" testId="b7f15b17-679b-6cc6-d60d-f67e6525dd39" testName="XCom2ConfigParser2.Tests.Validation.SimpleSyntaxValidatorTests.Validate_EmptyValue_BadValueError" computerName="THESRIPC" duration="00:00:00.0005678" startTime="2026-03-23T03:23:19.8199205+05:30" endTime="2026-03-23T03:23:19.8205206+05:30" testType="13cdc9d9-ddb5-4fa4-a97d-d965ccfc6d4b" outcome="Passed" testListId="8c84fa94-04c1-424b-9868-57a2d4851a1d" relativeResultsDirectory="c2dc16ad-38cb-40c0-8943-190754107034" />
    <UnitTestResult executionId="5704b333-4da4-4a41-86a2-ec50cad3ca32" testId="f1828008-3c92-518e-05d7-9b239fdd6756" testName="XCom2ConfigParser2.Tests.StructValidation.StructDefinitionResolverTests.StructDefinitionResolver_Resolve_StructWithArrayFields_ParsesCorrectly" computerName="THESRIPC" duration="00:00:00.0039305" startTime="2026-03-23T03:23:19.8554122+05:30" endTime="2026-03-23T03:23:19.8593297+05:30" testType="13cdc9d9-ddb5-4fa4-a97d-d965ccfc6d4b" outcome="Failed" testListId="8c84fa94-04c1-424b-9868-57a2d4851a1d" relativeResultsDirectory="5704b333-4da4-4a41-86a2-ec50cad3ca32">
      <Output>
        <ErrorInfo>
          <Message>Expected result.Found to be true, but found False.</Message>
          <StackTrace>   at FluentAssertions.Execution.XUnit2TestFramework.Throw(String message)&#xD;
   at FluentAssertions.Execution.TestFrameworkProvider.Throw(String message)&#xD;
   at FluentAssertions.Execution.DefaultAssertionStrategy.HandleFailure(String message)&#xD;
   at FluentAssertions.Execution.AssertionScope.FailWith(Func`1 failReasonFunc)&#xD;
   at FluentAssertions.Execution.AssertionScope.FailWith(Func`1 failReasonFunc)&#xD;
   at FluentAssertions.Execution.AssertionScope.FailWith(String message, Object[] args)&#xD;
   at FluentAssertions.Primitives.BooleanAssertions`1.BeTrue(String because, Object[] becauseArgs)&#xD;
   at XCom2ConfigParser2.Tests.StructValidation.StructDefinitionResolverTests.StructDefinitionResolver_Resolve_StructWithArrayFields_ParsesCorrectly() in D:\Projects\Active\Mods\XCOM2_WOTC\Xcom2Modding\XCom2ConfigParser2\XCom2ConfigParser2.Tests\StructValidation\StructDefinitionResolverTests.cs:line 214&#xD;
   at System.Reflection.MethodBaseInvoker.InterpretedInvoke_Method(Object obj, IntPtr* args)&#xD;
   at System.Reflection.MethodBaseInvoker.InvokeWithNoArgs(Object obj, BindingFlags invokeAttr)</StackTrace>
        </ErrorInfo>
      </Output>
    </UnitTestResult>
    <UnitTestResult executionId="70df6a00-4964-4d57-a95b-81155e06b4a8" testId="98954a83-14df-f3ed-c27b-12cacd3614d0" testName="XCom2ConfigParser2.Tests.StructValidation.StructFieldTests.StructField_StructArrayType_IsStructReturnsTrue" computerName="THESRIPC" duration="00:00:00.0004796" startTime="2026-03-23T03:23:19.8138577+05:30" endTime="2026-03-23T03:23:19.8145412+05:30" testType="13cdc9d9-ddb5-4fa4-a97d-d965ccfc6d4b" outcome="Passed" testListId="8c84fa94-04c1-424b-9868-57a2d4851a1d" relativeResultsDirectory="70df6a00-4964-4d57-a95b-81155e06b4a8" />
    <UnitTestResult executionId="035c340a-a732-485e-8a98-e7f360a41967" testId="2f6bf162-8f75-23ed-fa8b-a261e0b66ab4" testName="XCom2ConfigParser2.Tests.Configuration.SettingsLoaderTests.SettingsLoader_Load_NoSettingsFile_ReturnsDefaults" computerName="THESRIPC" duration="00:00:00.0009219" startTime="2026-03-23T03:23:19.8230509+05:30" endTime="2026-03-23T03:23:19.8233917+05:30" testType="13cdc9d9-ddb5-4fa4-a97d-d965ccfc6d4b" outcome="Passed" testListId="8c84fa94-04c1-424b-9868-57a2d4851a1d" relativeResultsDirectory="035c340a-a732-485e-8a98-e7f360a41967" />
    <UnitTestResult executionId="0416042e-9e8c-4289-afe0-80752a4282a5" testId="ab2f8c58-eb77-4f38-b194-6e4317e36343" testName="XCom2ConfigParser2.Tests.Parser.StructParserTests.Parse_BooleanValue_ReturnsTerminal" computerName="THESRIPC" duration="00:00:00.0005228" startTime="2026-03-23T03:23:19.8177659+05:30" endTime="2026-03-23T03:23:19.8189575+05:30" testType="13cdc9d9-ddb5-4fa4-a97d-d965ccfc6d4b" outcome="Passed" testListId="8c84fa94-04c1-424b-9868-57a2d4851a1d" relativeResultsDirectory="0416042e-9e8c-4289-afe0-80752a4282a5" />
    <UnitTestResult executionId="c0696475-9daa-4892-8c81-916364f09aac" testId="e15a3ccb-b2aa-a519-c5e8-0ddaf84e53ec" testName="XCom2ConfigParser2.Tests.Parser.LineSplitterTests.Split_MultipleLines_ReturnsAllLines" computerName="THESRIPC" duration="00:00:00.0002613" startTime="2026-03-23T03:23:19.8185619+05:30" endTime="2026-03-23T03:23:19.8187180+05:30" testType="13cdc9d9-ddb5-4fa4-a97d-d965ccfc6d4b" outcome="Passed" testListId="8c84fa94-04c1-424b-9868-57a2d4851a1d" relativeResultsDirectory="c0696475-9daa-4892-8c81-916364f09aac" />
    <UnitTestResult executionId="e399e59d-57a5-4491-8e07-89e6d1daeed8" testId="dd790f3c-02f5-e3ad-a97c-14aa610fd482" testName="XCom2ConfigParser2.Tests.Parser.StructParserTests.Parse_StructWithMultipleProperties_ReturnsAllChildren" computerName="THESRIPC" duration="00:00:00.0167285" startTime="2026-03-23T03:23:19.7890194+05:30" endTime="2026-03-23T03:23:19.7918057+05:30" testType="13cdc9d9-ddb5-4fa4-a97d-d965ccfc6d4b" outcome="Passed" testListId="8c84fa94-04c1-424b-9868-57a2d4851a1d" relativeResultsDirectory="e399e59d-57a5-4491-8e07-89e6d1daeed8" />
    <UnitTestResult executionId="440fae17-3c67-4b58-88d3-a01778e9502f" testId="8566071e-a5c8-3fce-5c1a-c364d7639981" testName="XCom2ConfigParser2.Tests.Parser.DirectiveTokenizerTests.Tokenize_Kvp_ReturnsKvpDirective" computerName="THESRIPC" duration="00:00:00.0002973" startTime="2026-03-23T03:23:19.8189225+05:30" endTime="2026-03-23T03:23:19.8191535+05:30" testType="13cdc9d9-ddb5-4fa4-a97d-d965ccfc6d4b" outcome="Passed" testListId="8c84fa94-04c1-424b-9868-57a2d4851a1d" relativeResultsDirectory="440fae17-3c67-4b58-88d3-a01778e9502f" />
    <UnitTestResult executionId="7bd521d8-69f1-4782-84a5-f045dc0083d3" testId="51726529-9b40-ff32-1ab2-26d373c2d927" testName="XCom2ConfigParser2.Tests.StructValidation.StructCacheTests.StructCache_TryGet_SourceFileModified_ReturnsFalse" computerName="THESRIPC" duration="00:00:00.0466730" startTime="2026-03-23T03:23:19.7889833+05:30" endTime="2026-03-23T03:23:19.8257581+05:30" testType="13cdc9d9-ddb5-4fa4-a97d-d965ccfc6d4b" outcome="Passed" testListId="8c84fa94-04c1-424b-9868-57a2d4851a1d" relativeResultsDirectory="7bd521d8-69f1-4782-84a5-f045dc0083d3" />
    <UnitTestResult executionId="6d733e1d-805a-42e7-9213-12f9660f819a" testId="51ce79a4-1825-1970-ac08-b744b28491f3" testName="XCom2ConfigParser2.Tests.Parser.StructParserTests.Parse_InvalidStruct_ThrowsParseException" computerName="THESRIPC" duration="00:00:00.0049621" startTime="2026-03-23T03:23:19.8190378+05:30" endTime="2026-03-23T03:23:19.8208910+05:30" testType="13cdc9d9-ddb5-4fa4-a97d-d965ccfc6d4b" outcome="Passed" testListId="8c84fa94-04c1-424b-9868-57a2d4851a1d" relativeResultsDirectory="6d733e1d-805a-42e7-9213-12f9660f819a" />
    <UnitTestResult executionId="38c8fd0d-5ae5-450c-b7b0-b59da8b53427" testId="d91904e4-fbd4-57fd-95d9-670d26f3d7dc" testName="XCom2ConfigParser2.Tests.StructValidation.StructFieldTests.StructField_FloatType_IsStructReturnsFalse" computerName="THESRIPC" duration="00:00:00.0002446" startTime="2026-03-23T03:23:19.8132178+05:30" endTime="2026-03-23T03:23:19.8133722+05:30" testType="13cdc9d9-ddb5-4fa4-a97d-d965ccfc6d4b" outcome="Passed" testListId="8c84fa94-04c1-424b-9868-57a2d4851a1d" relativeResultsDirectory="38c8fd0d-5ae5-450c-b7b0-b59da8b53427" />
    <UnitTestResult executionId="2fe1fca7-dc64-409f-8041-7b2de7c31a56" testId="b0cedadb-fd26-949e-bb60-6499424e1a72" testName="XCom2ConfigParser2.Tests.StructValidation.CachedStructDefTests.CachedStructDef_WithProperties_SerializesToJson" computerName="THESRIPC" duration="00:00:00.0368008" startTime="2026-03-23T03:23:19.7877251+05:30" endTime="2026-03-23T03:23:19.8237711+05:30" testType="13cdc9d9-ddb5-4fa4-a97d-d965ccfc6d4b" outcome="Passed" testListId="8c84fa94-04c1-424b-9868-57a2d4851a1d" relativeResultsDirectory="2fe1fca7-dc64-409f-8041-7b2de7c31a56" />
    <UnitTestResult executionId="4e0fb9fb-e658-4db9-b77d-ea2c30e197df" testId="c5fc7d61-3af8-5a25-09f1-45585020c965" testName="XCom2ConfigParser2.Tests.Validation.SimpleSyntaxValidatorTests.Validate_FloatValue_NoErrors" computerName="THESRIPC" duration="00:00:00.0001154" startTime="2026-03-23T03:23:19.8211384+05:30" endTime="2026-03-23T03:23:19.8212031+05:30" testType="13cdc9d9-ddb5-4fa4-a97d-d965ccfc6d4b" outcome="Passed" testListId="8c84fa94-04c1-424b-9868-57a2d4851a1d" relativeResultsDirectory="4e0fb9fb-e658-4db9-b77d-ea2c30e197df" />
    <UnitTestResult executionId="c3bcd556-2809-4d55-a9e8-b9ce8acb8f3d" testId="4fc8bc29-05a0-1e6a-6bc4-28d83d082bcd" testName="XCom2ConfigParser2.Tests.Parser.StructParserTests.Parse_SimpleArray_ReturnsArrayWithElements" computerName="THESRIPC" duration="00:00:00.0001313" startTime="2026-03-23T03:23:19.8218062+05:30" endTime="2026-03-23T03:23:19.8218454+05:30" testType="13cdc9d9-ddb5-4fa4-a97d-d965ccfc6d4b" outcome="Passed" testListId="8c84fa94-04c1-424b-9868-57a2d4851a1d" relativeResultsDirectory="c3bcd556-2809-4d55-a9e8-b9ce8acb8f3d" />
    <UnitTestResult executionId="00a92cde-acde-4cff-ba0b-22f3a5bd25d2" testId="aaf87db9-8f5e-5950-fc33-d019336c0527" testName="XCom2ConfigParser2.Tests.StructValidation.StructDefinitionResolverTests.StructDefinitionResolver_Resolve_CachesResult_AfterSuccessfulResolution" computerName="THESRIPC" duration="00:00:00.0404034" startTime="2026-03-23T03:23:19.7890023+05:30" endTime="2026-03-23T03:23:19.8247426+05:30" testType="13cdc9d9-ddb5-4fa4-a97d-d965ccfc6d4b" outcome="Passed" testListId="8c84fa94-04c1-424b-9868-57a2d4851a1d" relativeResultsDirectory="00a92cde-acde-4cff-ba0b-22f3a5bd25d2" />
    <UnitTestResult executionId="b0c71059-8090-4fd8-a946-a483e4fe7b96" testId="615ddd1a-f907-274c-5f5e-96da4f79bf24" testName="XCom2ConfigParser2.Tests.Validation.SimpleSyntaxValidatorTests.Validate_ValidSectionHeader_NoErrors" computerName="THESRIPC" duration="00:00:00.0001756" startTime="2026-03-23T03:23:19.8221578+05:30" endTime="2026-03-23T03:23:19.8221908+05:30" testType="13cdc9d9-ddb5-4fa4-a97d-d965ccfc6d4b" outcome="Passed" testListId="8c84fa94-04c1-424b-9868-57a2d4851a1d" relativeResultsDirectory="b0c71059-8090-4fd8-a946-a483e4fe7b96" />
    <UnitTestResult executionId="b7b9a495-71e1-452c-bc9a-d37c515ae90f" testId="6817d58a-3c09-6d40-af2a-f18de7f046b4" testName="XCom2ConfigParser2.Tests.Parser.StructParserTests.Parse_ArrayOfStructs_ReturnsArrayWithStructElements" computerName="THESRIPC" duration="00:00:00.0022145" startTime="2026-03-23T03:23:19.8113047+05:30" endTime="2026-03-23T03:23:19.8149715+05:30" testType="13cdc9d9-ddb5-4fa4-a97d-d965ccfc6d4b" outcome="Passed" testListId="8c84fa94-04c1-424b-9868-57a2d4851a1d" relativeResultsDirectory="b7b9a495-71e1-452c-bc9a-d37c515ae90f" />
    <UnitTestResult executionId="3aab3511-b96a-4f7f-985c-776cd3ab18fa" testId="ee79dfaa-137c-0e9c-ea5b-5f141b7131d7" testName="XCom2ConfigParser2.Tests.Validation.SimpleSyntaxValidatorTests.Validate_ValidStruct_NoErrors" computerName="THESRIPC" duration="00:00:00.0001445" startTime="2026-03-23T03:23:19.8223868+05:30" endTime="2026-03-23T03:23:19.8224185+05:30" testType="13cdc9d9-ddb5-4fa4-a97d-d965ccfc6d4b" outcome="Passed" testListId="8c84fa94-04c1-424b-9868-57a2d4851a1d" relativeResultsDirectory="3aab3511-b96a-4f7f-985c-776cd3ab18fa" />
    <UnitTestResult executionId="6789d267-3d7d-4d22-a57d-10fa9728321d" testId="eac86616-142c-801c-48b8-101b6a5ed40a" testName="XCom2ConfigParser2.Tests.Configuration.SettingsLoaderTests.SettingsLoader_Load_WithSdkRoot_UsesConfiguredValue" computerName="THESRIPC" duration="00:00:00.0023664" startTime="2026-03-23T03:23:19.8234642+05:30" endTime="2026-03-23T03:23:19.8236410+05:30" testType="13cdc9d9-ddb5-4fa4-a97d-d965ccfc6d4b" outcome="Passed" testListId="8c84fa94-04c1-424b-9868-57a2d4851a1d" relativeResultsDirectory="6789d267-3d7d-4d22-a57d-10fa9728321d" />
    <UnitTestResult executionId="ecaa3bfc-4f86-4f82-aab5-3f7efe804828" testId="51ad7600-bb53-e970-27b8-4caa8e5f1561" testName="XCom2ConfigParser2.Tests.StructValidation.StructDefinitionResolverTests.StructDefinitionResolver_Resolve_CircularReference_DoesNotStackOverflow" computerName="THESRIPC" duration="00:00:00.0036662" startTime="2026-03-23T03:23:19.8463284+05:30" endTime="2026-03-23T03:23:19.8468439+05:30" testType="13cdc9d9-ddb5-4fa4-a97d-d965ccfc6d4b" outcome="Failed" testListId="8c84fa94-04c1-424b-9868-57a2d4851a1d" relativeResultsDirectory="ecaa3bfc-4f86-4f82-aab5-3f7efe804828">
      <Output>
        <ErrorInfo>
          <Message>Expected result.Found to be true, but found False.</Message>
          <StackTrace>   at FluentAssertions.Execution.XUnit2TestFramework.Throw(String message)&#xD;
   at FluentAssertions.Execution.TestFrameworkProvider.Throw(String message)&#xD;
   at FluentAssertions.Execution.DefaultAssertionStrategy.HandleFailure(String message)&#xD;
   at FluentAssertions.Execution.AssertionScope.FailWith(Func`1 failReasonFunc)&#xD;
   at FluentAssertions.Execution.AssertionScope.FailWith(Func`1 failReasonFunc)&#xD;
   at FluentAssertions.Execution.AssertionScope.FailWith(String message, Object[] args)&#xD;
   at FluentAssertions.Primitives.BooleanAssertions`1.BeTrue(String because, Object[] becauseArgs)&#xD;
   at XCom2ConfigParser2.Tests.StructValidation.StructDefinitionResolverTests.StructDefinitionResolver_Resolve_CircularReference_DoesNotStackOverflow() in D:\Projects\Active\Mods\XCOM2_WOTC\Xcom2Modding\XCom2ConfigParser2\XCom2ConfigParser2.Tests\StructValidation\StructDefinitionResolverTests.cs:line 164&#xD;
   at System.Reflection.MethodBaseInvoker.InterpretedInvoke_Method(Object obj, IntPtr* args)&#xD;
   at System.Reflection.MethodBaseInvoker.InvokeWithNoArgs(Object obj, BindingFlags invokeAttr)</StackTrace>
        </ErrorInfo>
      </Output>
    </UnitTestResult>
    <UnitTestResult executionId="34737ae5-4262-4429-b4af-7e76fa021b0a" testId="945b8eed-bbc2-3623-f1b0-b2a7616b7e64" testName="XCom2ConfigParser2.Tests.Parser.StructParserTests.Parse_SimpleStruct_ReturnsStructWithChildren" computerName="THESRIPC" duration="00:00:00.0002481" startTime="2026-03-23T03:23:19.8231576+05:30" endTime="2026-03-23T03:23:19.8232023+05:30" testType="13cdc9d9-ddb5-4fa4-a97d-d965ccfc6d4b" outcome="Passed" testListId="8c84fa94-04c1-424b-9868-57a2d4851a1d" relativeResultsDirectory="34737ae5-4262-4429-b4af-7e76fa021b0a" />
    <UnitTestResult executionId="1ab92476-32d9-40cf-adcf-780a22cf15fc" testId="8008a692-7cfa-5e43-096d-469ade74f991" testName="XCom2ConfigParser2.Tests.Parser.StructParserTests.Parse_EmptyStruct_ReturnsEmptyValue" computerName="THESRIPC" duration="00:00:00.0001585" startTime="2026-03-23T03:23:19.8211514+05:30" endTime="2026-03-23T03:23:19.8217160+05:30" testType="13cdc9d9-ddb5-4fa4-a97d-d965ccfc6d4b" outcome="Passed" testListId="8c84fa94-04c1-424b-9868-57a2d4851a1d" relativeResultsDirectory="1ab92476-32d9-40cf-adcf-780a22cf15fc" />
    <UnitTestResult executionId="f1b29ab4-135b-46b2-b721-b714c81f8d5b" testId="34b0fa1c-d76e-107e-86c3-20851232e80a" testName="XCom2ConfigParser2.Tests.Parser.DirectiveTokenizerTests.Tokenize_CommentLine_SkipsComment" computerName="THESRIPC" duration="00:00:00.0016260" startTime="2026-03-23T03:23:19.8147564+05:30" endTime="2026-03-23T03:23:19.8157540+05:30" testType="13cdc9d9-ddb5-4fa4-a97d-d965ccfc6d4b" outcome="Passed" testListId="8c84fa94-04c1-424b-9868-57a2d4851a1d" relativeResultsDirectory="f1b29ab4-135b-46b2-b721-b714c81f8d5b" />
    <UnitTestResult executionId="34b0cb13-f136-4dd2-aa4b-9856e8bbfb17" testId="4a298044-d75b-5344-96bd-03fa4f21ca90" testName="XCom2ConfigParser2.Tests.StructValidation.VariableTypeResolverTests.VariableTypeResolver_Resolve_ValidClassFile_ReturnsVariableType" computerName="THESRIPC" duration="00:00:00.0031999" startTime="2026-03-23T03:23:19.8462966+05:30" endTime="2026-03-23T03:23:19.8464066+05:30" testType="13cdc9d9-ddb5-4fa4-a97d-d965ccfc6d4b" outcome="Failed" testListId="8c84fa94-04c1-424b-9868-57a2d4851a1d" relativeResultsDirectory="34b0cb13-f136-4dd2-aa4b-9856e8bbfb17">
      <Output>
        <ErrorInfo>
          <Message>Expected result.Found to be true, but found False.</Message>
          <StackTrace>   at FluentAssertions.Execution.XUnit2TestFramework.Throw(String message)&#xD;
   at FluentAssertions.Execution.TestFrameworkProvider.Throw(String message)&#xD;
   at FluentAssertions.Execution.DefaultAssertionStrategy.HandleFailure(String message)&#xD;
   at FluentAssertions.Execution.AssertionScope.FailWith(Func`1 failReasonFunc)&#xD;
   at FluentAssertions.Execution.AssertionScope.FailWith(Func`1 failReasonFunc)&#xD;
   at FluentAssertions.Execution.AssertionScope.FailWith(String message, Object[] args)&#xD;
   at FluentAssertions.Primitives.BooleanAssertions`1.BeTrue(String because, Object[] becauseArgs)&#xD;
   at XCom2ConfigParser2.Tests.StructValidation.VariableTypeResolverTests.VariableTypeResolver_Resolve_ValidClassFile_ReturnsVariableType() in D:\Projects\Active\Mods\XCOM2_WOTC\Xcom2Modding\XCom2ConfigParser2\XCom2ConfigParser2.Tests\StructValidation\VariableTypeResolverTests.cs:line 43&#xD;
   at System.Reflection.MethodBaseInvoker.InterpretedInvoke_Method(Object obj, IntPtr* args)&#xD;
   at System.Reflection.MethodBaseInvoker.InvokeWithNoArgs(Object obj, BindingFlags invokeAttr)</StackTrace>
        </ErrorInfo>
      </Output>
    </UnitTestResult>
    <UnitTestResult executionId="94c7aba6-1413-4a24-829e-1d96be7ab212" testId="a7b27cbd-28e9-6ffe-e402-ec2a83083a12" testName="XCom2ConfigParser2.Tests.StructValidation.VariableTypeResolverTests.VariableTypeResolver_Resolve_ArrayType_StripsArraySuffix" computerName="THESRIPC" duration="00:00:00.0028526" startTime="2026-03-23T03:23:19.8500290+05:30" endTime="2026-03-23T03:23:19.8524995+05:30" testType="13cdc9d9-ddb5-4fa4-a97d-d965ccfc6d4b" outcome="Failed" testListId="8c84fa94-04c1-424b-9868-57a2d4851a1d" relativeResultsDirectory="94c7aba6-1413-4a24-829e-1d96be7ab212">
      <Output>
        <ErrorInfo>
          <Message>Expected result.Found to be true, but found False.</Message>
          <StackTrace>   at FluentAssertions.Execution.XUnit2TestFramework.Throw(String message)&#xD;
   at FluentAssertions.Execution.TestFrameworkProvider.Throw(String message)&#xD;
   at FluentAssertions.Execution.DefaultAssertionStrategy.HandleFailure(String message)&#xD;
   at FluentAssertions.Execution.AssertionScope.FailWith(Func`1 failReasonFunc)&#xD;
   at FluentAssertions.Execution.AssertionScope.FailWith(Func`1 failReasonFunc)&#xD;
   at FluentAssertions.Execution.AssertionScope.FailWith(String message, Object[] args)&#xD;
   at FluentAssertions.Primitives.BooleanAssertions`1.BeTrue(String because, Object[] becauseArgs)&#xD;
   at XCom2ConfigParser2.Tests.StructValidation.VariableTypeResolverTests.VariableTypeResolver_Resolve_ArrayType_StripsArraySuffix() in D:\Projects\Active\Mods\XCOM2_WOTC\Xcom2Modding\XCom2ConfigParser2\XCom2ConfigParser2.Tests\StructValidation\VariableTypeResolverTests.cs:line 156&#xD;
   at System.Reflection.MethodBaseInvoker.InterpretedInvoke_Method(Object obj, IntPtr* args)&#xD;
   at System.Reflection.MethodBaseInvoker.InvokeWithNoArgs(Object obj, BindingFlags invokeAttr)</StackTrace>
        </ErrorInfo>
      </Output>
    </UnitTestResult>
    <UnitTestResult executionId="1cb6ae39-fddb-4a18-a60b-206db7e7c30f" testId="ebb3ed0f-c190-9ead-c8ca-15dc2dcce0af" testName="XCom2ConfigParser2.Tests.Parser.LineSplitterTests.Split_LineWithContinuation_MarksHasContinuation" computerName="THESRIPC" duration="00:00:00.0167711" startTime="2026-03-23T03:23:19.7877663+05:30" endTime="2026-03-23T03:23:19.7972490+05:30" testType="13cdc9d9-ddb5-4fa4-a97d-d965ccfc6d4b" outcome="Passed" testListId="8c84fa94-04c1-424b-9868-57a2d4851a1d" relativeResultsDirectory="1cb6ae39-fddb-4a18-a60b-206db7e7c30f" />
    <UnitTestResult executionId="1558313a-b471-433d-9105-4736f873f450" testId="69bc729f-d7f7-6086-6920-239083bacf48" testName="XCom2ConfigParser2.Tests.StructValidation.StructFieldTests.StructField_BoolType_IsStructReturnsFalse" computerName="THESRIPC" duration="00:00:00.0001767" startTime="2026-03-23T03:23:19.8117761+05:30" endTime="2026-03-23T03:23:19.8130440+05:30" testType="13cdc9d9-ddb5-4fa4-a97d-d965ccfc6d4b" outcome="Passed" testListId="8c84fa94-04c1-424b-9868-57a2d4851a1d" relativeResultsDirectory="1558313a-b471-433d-9105-4736f873f450" />
    <UnitTestResult executionId="9cccd509-6faf-40e7-80d6-a13b1cf0486a" testId="ae0369fa-7689-4e12-7d11-bbacd52a49af" testName="XCom2ConfigParser2.Tests.Validation.SimpleSyntaxValidatorTests.Validate_BooleanValue_NoErrors" computerName="THESRIPC" duration="00:00:00.0002209" startTime="2026-03-23T03:23:19.8207524+05:30" endTime="2026-03-23T03:23:19.8207827+05:30" testType="13cdc9d9-ddb5-4fa4-a97d-d965ccfc6d4b" outcome="Passed" testListId="8c84fa94-04c1-424b-9868-57a2d4851a1d" relativeResultsDirectory="9cccd509-6faf-40e7-80d6-a13b1cf0486a" />
    <UnitTestResult executionId="d1dc5990-6f4d-409a-9a0c-2cb505f83594" testId="bb4b6eb2-042a-da08-8f12-a79211b7dbad" testName="XCom2ConfigParser2.Tests.Parser.LineSplitterTests.Split_EmptyString_ReturnsEmptyList" computerName="THESRIPC" duration="00:00:00.0021955" startTime="2026-03-23T03:23:19.8149392+05:30" endTime="2026-03-23T03:23:19.8161660+05:30" testType="13cdc9d9-ddb5-4fa4-a97d-d965ccfc6d4b" outcome="Passed" testListId="8c84fa94-04c1-424b-9868-57a2d4851a1d" relativeResultsDirectory="d1dc5990-6f4d-409a-9a0c-2cb505f83594" />
    <UnitTestResult executionId="e2514849-756d-4dff-a19e-3450986c57df" testId="06c64ce6-da85-db93-8a42-067deed1211d" testName="XCom2ConfigParser2.Tests.StructValidation.StructFieldTests.StructField_NameType_IsStructReturnsFalse" computerName="THESRIPC" duration="00:00:00.0002080" startTime="2026-03-23T03:23:19.8112901+05:30" endTime="2026-03-23T03:23:19.8116877+05:30" testType="13cdc9d9-ddb5-4fa4-a97d-d965ccfc6d4b" outcome="Passed" testListId="8c84fa94-04c1-424b-9868-57a2d4851a1d" relativeResultsDirectory="e2514849-756d-4dff-a19e-3450986c57df" />
    <UnitTestResult executionId="e1642de0-8f59-4a1e-b7f8-cfd9b477a483" testId="6599a6ba-3413-64e1-b10d-7b46df944471" testName="XCom2ConfigParser2.Tests.Validation.SimpleSyntaxValidatorTests.Validate_InvalidStruct_StructParseError" computerName="THESRIPC" duration="00:00:00.0007871" startTime="2026-03-23T03:23:19.8222661+05:30" endTime="2026-03-23T03:23:19.8223117+05:30" testType="13cdc9d9-ddb5-4fa4-a97d-d965ccfc6d4b" outcome="Passed" testListId="8c84fa94-04c1-424b-9868-57a2d4851a1d" relativeResultsDirectory="e1642de0-8f59-4a1e-b7f8-cfd9b477a483" />
    <UnitTestResult executionId="04c47834-a3d2-49c5-964d-8f7bed092a85" testId="cd504e22-7fc6-b645-d6a0-5b79264991fa" testName="XCom2ConfigParser2.Tests.StructValidation.VariableTypeResolverTests.VariableTypeResolver_Resolve_InvalidSectionFormat_ReturnsNotFound" computerName="THESRIPC" duration="00:00:00.0017603" startTime="2026-03-23T03:23:19.8112535+05:30" endTime="2026-03-23T03:23:19.8144693+05:30" testType="13cdc9d9-ddb5-4fa4-a97d-d965ccfc6d4b" outcome="Passed" testListId="8c84fa94-04c1-424b-9868-57a2d4851a1d" relativeResultsDirectory="04c47834-a3d2-49c5-964d-8f7bed092a85" />
    <UnitTestResult executionId="ba7c257e-3329-477a-a0c4-b86c2e1d8989" testId="54532f6b-3a0c-ace1-21c6-3f1167141ea7" testName="XCom2ConfigParser2.Tests.Parser.StructParserTests.Parse_NumericValue_ReturnsTerminal" computerName="THESRIPC" duration="00:00:00.0002860" startTime="2026-03-23T03:23:19.8219244+05:30" endTime="2026-03-23T03:23:19.8219582+05:30" testType="13cdc9d9-ddb5-4fa4-a97d-d965ccfc6d4b" outcome="Passed" testListId="8c84fa94-04c1-424b-9868-57a2d4851a1d" relativeResultsDirectory="ba7c257e-3329-477a-a0c4-b86c2e1d8989" />
    <UnitTestResult executionId="5f4fd778-0eb0-46a2-855b-25377fc29822" testId="0f1daa13-1dbc-062e-cbc8-b541461c74aa" testName="XCom2ConfigParser2.Tests.Configuration.SettingsLoaderTests.SettingsLoader_Load_WithModsCompiledAgainst_UsesConfiguredValues" computerName="THESRIPC" duration="00:00:00.0021723" startTime="2026-03-23T03:23:19.8261117+05:30" endTime="2026-03-23T03:23:19.8261635+05:30" testType="13cdc9d9-ddb5-4fa4-a97d-d965ccfc6d4b" outcome="Passed" testListId="8c84fa94-04c1-424b-9868-57a2d4851a1d" relativeResultsDirectory="5f4fd778-0eb0-46a2-855b-25377fc29822" />
    <UnitTestResult executionId="9ff37346-8469-433f-a557-cc1d536b0d87" testId="ebe3f4e6-4380-3954-8375-55f1d30cf0a3" testName="XCom2ConfigParser2.Tests.StructValidation.StructCacheTests.StructCache_Save_ThenTryGet_ReturnsCorrectCacheFile" computerName="THESRIPC" duration="00:00:00.0009849" startTime="2026-03-23T03:23:19.8317987+05:30" endTime="2026-03-23T03:23:19.8322648+05:30" testType="13cdc9d9-ddb5-4fa4-a97d-d965ccfc6d4b" outcome="Passed" testListId="8c84fa94-04c1-424b-9868-57a2d4851a1d" relativeResultsDirectory="9ff37346-8469-433f-a557-cc1d536b0d87" />
    <UnitTestResult executionId="6abf179e-e224-46c0-8a03-a3c57b468425" testId="f037a733-0c2d-fbfb-eb98-7eede858ab34" testName="XCom2ConfigParser2.Tests.Parser.DirectiveTokenizerTests.Tokenize_UnknownLine_ReturnsUnknownDirective" computerName="THESRIPC" duration="00:00:00.0157677" startTime="2026-03-23T03:23:19.7889609+05:30" endTime="2026-03-23T03:23:19.7972241+05:30" testType="13cdc9d9-ddb5-4fa4-a97d-d965ccfc6d4b" outcome="Passed" testListId="8c84fa94-04c1-424b-9868-57a2d4851a1d" relativeResultsDirectory="6abf179e-e224-46c0-8a03-a3c57b468425" />
    <UnitTestResult executionId="2b2dec9b-ce16-4fd0-8da8-58acaa613e55" testId="42ae51fd-2757-9cf1-a951-7f1ca3ffae0e" testName="XCom2ConfigParser2.Tests.StructValidation.StructFieldTests.StructField_StringType_IsStructReturnsFalse" computerName="THESRIPC" duration="00:00:00.0167930" startTime="2026-03-23T03:23:19.7861028+05:30" endTime="2026-03-23T03:23:19.7971027+05:30" testType="13cdc9d9-ddb5-4fa4-a97d-d965ccfc6d4b" outcome="Passed" testListId="8c84fa94-04c1-424b-9868-57a2d4851a1d" relativeResultsDirectory="2b2dec9b-ce16-4fd0-8da8-58acaa613e55" />
    <UnitTestResult executionId="eb3d8a6d-5f63-4cc5-965d-44ef441dc5ab" testId="33a2f52c-c246-8835-ea8d-336c9403378c" testName="XCom2ConfigParser2.Tests.StructValidation.ClassFileLocatorTests.ClassFileLocator_Locate_CaseInsensitive_FindsFile" computerName="THESRIPC" duration="00:00:00.0021790" startTime="2026-03-23T03:23:19.8236089+05:30" endTime="2026-03-23T03:23:19.8244011+05:30" testType="13cdc9d9-ddb5-4fa4-a97d-d965ccfc6d4b" outcome="Passed" testListId="8c84fa94-04c1-424b-9868-57a2d4851a1d" relativeResultsDirectory="eb3d8a6d-5f63-4cc5-965d-44ef441dc5ab" />
    <UnitTestResult executionId="04b5ccd9-6101-40a9-9f9a-3b34a0f00da6" testId="9fca664e-530d-ff49-8b6e-44463ae4df28" testName="XCom2ConfigParser2.Tests.Validation.SimpleSyntaxValidatorTests.Validate_InvalidSectionHeader_MalformedHeaderError" computerName="THESRIPC" duration="00:00:00.0087591" startTime="2026-03-23T03:23:19.8133399+05:30" endTime="2026-03-23T03:23:19.8198166+05:30" testType="13cdc9d9-ddb5-4fa4-a97d-d965ccfc6d4b" outcome="Passed" testListId="8c84fa94-04c1-424b-9868-57a2d4851a1d" relativeResultsDirectory="04b5ccd9-6101-40a9-9f9a-3b34a0f00da6" />
    <UnitTestResult executionId="f102003c-05d3-422e-bc3c-36d27a78ce49" testId="25ce89cd-b3b8-00d2-0caf-9b18ffb85d4b" testName="XCom2ConfigParser2.Tests.StructValidation.StructDefinitionResolverTests.StructDefinitionResolver_Resolve_CacheHit_ReturnsCachedStruct" computerName="THESRIPC" duration="00:00:00.0094374" startTime="2026-03-23T03:23:19.8477879+05:30" endTime="2026-03-23T03:23:19.8552931+05:30" testType="13cdc9d9-ddb5-4fa4-a97d-d965ccfc6d4b" outcome="Passed" testListId="8c84fa94-04c1-424b-9868-57a2d4851a1d" relativeResultsDirectory="f102003c-05d3-422e-bc3c-36d27a78ce49" />
    <UnitTestResult executionId="5468c89a-0eb2-4429-a3d9-713ac6f0c23e" testId="afe58315-9af7-c541-e370-6623b44fa98e" testName="XCom2ConfigParser2.Tests.Parser.LineSplitterTests.GetMergedLines_TrailingContinuation_SetsErrorFlag" computerName="THESRIPC" duration="00:00:00.0001648" startTime="2026-03-23T03:23:19.8188003+05:30" endTime="2026-03-23T03:23:19.8190733+05:30" testType="13cdc9d9-ddb5-4fa4-a97d-d965ccfc6d4b" outcome="Passed" testListId="8c84fa94-04c1-424b-9868-57a2d4851a1d" relativeResultsDirectory="5468c89a-0eb2-4429-a3d9-713ac6f0c23e" />
    <UnitTestResult executionId="d44be36e-4a71-48a7-a0ec-a80f62a3f151" testId="5fe7455a-3668-461e-60b7-f7bc8420e079" testName="XCom2ConfigParser2.Tests.Parser.StructParserTests.Parse_QuotedString_ReturnsTerminalWithQuotes" computerName="THESRIPC" duration="00:00:00.0003875" startTime="2026-03-23T03:23:19.8209669+05:30" endTime="2026-03-23T03:23:19.8209977+05:30" testType="13cdc9d9-ddb5-4fa4-a97d-d965ccfc6d4b" outcome="Passed" testListId="8c84fa94-04c1-424b-9868-57a2d4851a1d" relativeResultsDirectory="d44be36e-4a71-48a7-a0ec-a80f62a3f151" />
    <UnitTestResult executionId="7870ffc5-ba13-4a8f-98a5-b561a6cee291" testId="d598e52a-090f-fc01-4eed-de5208da281a" testName="XCom2ConfigParser2.Tests.StructValidation.StructFieldTests.StructField_PrimitiveType_IsStructReturnsFalse" computerName="THESRIPC" duration="00:00:00.0001812" startTime="2026-03-23T03:23:19.8135780+05:30" endTime="2026-03-23T03:23:19.8136209+05:30" testType="13cdc9d9-ddb5-4fa4-a97d-d965ccfc6d4b" outcome="Passed" testListId="8c84fa94-04c1-424b-9868-57a2d4851a1d" relativeResultsDirectory="7870ffc5-ba13-4a8f-98a5-b561a6cee291" />
    <UnitTestResult executionId="90afec98-b458-4ecb-b656-2d0141e03f57" testId="8037810e-31ee-4268-b347-41ba9278a4d0" testName="XCom2ConfigParser2.Tests.Parser.DirectiveTokenizerTests.Tokenize_KvpWithPlusPrefix_ReturnsInsertUnique" computerName="THESRIPC" duration="00:00:00.0018091" startTime="2026-03-23T03:23:19.8112730+05:30" endTime="2026-03-23T03:23:19.8146351+05:30" testType="13cdc9d9-ddb5-4fa4-a97d-d965ccfc6d4b" outcome="Passed" testListId="8c84fa94-04c1-424b-9868-57a2d4851a1d" relativeResultsDirectory="90afec98-b458-4ecb-b656-2d0141e03f57" />
    <UnitTestResult executionId="d59b67d1-da58-41c5-8d68-04006b852360" testId="273471cc-854f-91f2-a399-c20538198473" testName="XCom2ConfigParser2.Tests.StructValidation.CachedStructDefTests.CachedStructDef_DeserializesFromJson_Correctly" computerName="THESRIPC" duration="00:00:00.0056841" startTime="2026-03-23T03:23:19.8245699+05:30" endTime="2026-03-23T03:23:19.8255302+05:30" testType="13cdc9d9-ddb5-4fa4-a97d-d965ccfc6d4b" outcome="Passed" testListId="8c84fa94-04c1-424b-9868-57a2d4851a1d" relativeResultsDirectory="d59b67d1-da58-41c5-8d68-04006b852360" />
    <UnitTestResult executionId="e3664805-3cda-4216-9e47-1f69474f8eda" testId="98effa6d-7dd2-eeda-9803-d3eb3bf49612" testName="XCom2ConfigParser2.Tests.StructValidation.StructDefinitionResolverTests.StructDefinitionResolver_Resolve_NestedStructs_RecursiveResolution" computerName="THESRIPC" duration="00:00:00.0039166" startTime="2026-03-23T03:23:19.8599113+05:30" endTime="2026-03-23T03:23:19.8634083+05:30" testType="13cdc9d9-ddb5-4fa4-a97d-d965ccfc6d4b" outcome="Failed" testListId="8c84fa94-04c1-424b-9868-57a2d4851a1d" relativeResultsDirectory="e3664805-3cda-4216-9e47-1f69474f8eda">
      <Output>
        <ErrorInfo>
          <Message>Expected result.Found to be true, but found False.</Message>
          <StackTrace>   at FluentAssertions.Execution.XUnit2TestFramework.Throw(String message)&#xD;
   at FluentAssertions.Execution.TestFrameworkProvider.Throw(String message)&#xD;
   at FluentAssertions.Execution.DefaultAssertionStrategy.HandleFailure(String message)&#xD;
   at FluentAssertions.Execution.AssertionScope.FailWith(Func`1 failReasonFunc)&#xD;
   at FluentAssertions.Execution.AssertionScope.FailWith(Func`1 failReasonFunc)&#xD;
   at FluentAssertions.Execution.AssertionScope.FailWith(String message, Object[] args)&#xD;
   at FluentAssertions.Primitives.BooleanAssertions`1.BeTrue(String because, Object[] becauseArgs)&#xD;
   at XCom2ConfigParser2.Tests.StructValidation.StructDefinitionResolverTests.StructDefinitionResolver_Resolve_NestedStructs_RecursiveResolution() in D:\Projects\Active\Mods\XCOM2_WOTC\Xcom2Modding\XCom2ConfigParser2\XCom2ConfigParser2.Tests\StructValidation\StructDefinitionResolverTests.cs:line 132&#xD;
   at System.Reflection.MethodBaseInvoker.InterpretedInvoke_Method(Object obj, IntPtr* args)&#xD;
   at System.Reflection.MethodBaseInvoker.InvokeWithNoArgs(Object obj, BindingFlags invokeAttr)</StackTrace>
        </ErrorInfo>
      </Output>
    </UnitTestResult>
    <UnitTestResult executionId="81d50907-7ded-4a50-b809-baac41b03e35" testId="0114d80d-e4b2-d8cf-e189-2aa05a272b83" testName="XCom2ConfigParser2.Tests.StructValidation.StructDefinitionResolverTests.StructDefinitionResolver_Resolve_ProjectSource_FindsStruct" computerName="THESRIPC" duration="00:00:00.0339281" startTime="2026-03-23T03:23:19.8248206+05:30" endTime="2026-03-23T03:23:19.8424099+05:30" testType="13cdc9d9-ddb5-4fa4-a97d-d965ccfc6d4b" outcome="Failed" testListId="8c84fa94-04c1-424b-9868-57a2d4851a1d" relativeResultsDirectory="81d50907-7ded-4a50-b809-baac41b03e35">
      <Output>
        <ErrorInfo>
          <Message>Expected result.Found to be true, but found False.</Message>
          <StackTrace>   at FluentAssertions.Execution.XUnit2TestFramework.Throw(String message)&#xD;
   at FluentAssertions.Execution.TestFrameworkProvider.Throw(String message)&#xD;
   at FluentAssertions.Execution.DefaultAssertionStrategy.HandleFailure(String message)&#xD;
   at FluentAssertions.Execution.AssertionScope.FailWith(Func`1 failReasonFunc)&#xD;
   at FluentAssertions.Execution.AssertionScope.FailWith(Func`1 failReasonFunc)&#xD;
   at FluentAssertions.Execution.AssertionScope.FailWith(String message, Object[] args)&#xD;
   at FluentAssertions.Primitives.BooleanAssertions`1.BeTrue(String because, Object[] becauseArgs)&#xD;
   at XCom2ConfigParser2.Tests.StructValidation.StructDefinitionResolverTests.StructDefinitionResolver_Resolve_ProjectSource_FindsStruct() in D:\Projects\Active\Mods\XCOM2_WOTC\Xcom2Modding\XCom2ConfigParser2\XCom2ConfigParser2.Tests\StructValidation\StructDefinitionResolverTests.cs:line 83&#xD;
   at System.Reflection.MethodBaseInvoker.InterpretedInvoke_Method(Object obj, IntPtr* args)&#xD;
   at System.Reflection.MethodBaseInvoker.InvokeWithNoArgs(Object obj, BindingFlags invokeAttr)</StackTrace>
        </ErrorInfo>
      </Output>
    </UnitTestResult>
    <UnitTestResult executionId="41100092-3999-49c6-b426-d190a7dec7b9" testId="696a216b-7a8e-09d6-3600-ecd111c37c85" testName="XCom2ConfigParser2.Tests.StructValidation.VariableTypeResolverTests.VariableTypeResolver_Resolve_PrimitiveVariable_ReturnsPrimitiveType" computerName="THESRIPC" duration="00:00:00.0516502" startTime="2026-03-23T03:23:19.8146103+05:30" endTime="2026-03-23T03:23:19.8457134+05:30" testType="13cdc9d9-ddb5-4fa4-a97d-d965ccfc6d4b" outcome="Failed" testListId="8c84fa94-04c1-424b-9868-57a2d4851a1d" relativeResultsDirectory="41100092-3999-49c6-b426-d190a7dec7b9">
      <Output>
        <ErrorInfo>
          <Message>Expected result.Found to be true, but found False.</Message>
          <StackTrace>   at FluentAssertions.Execution.XUnit2TestFramework.Throw(String message)&#xD;
   at FluentAssertions.Execution.TestFrameworkProvider.Throw(String message)&#xD;
   at FluentAssertions.Execution.DefaultAssertionStrategy.HandleFailure(String message)&#xD;
   at FluentAssertions.Execution.AssertionScope.FailWith(Func`1 failReasonFunc)&#xD;
   at FluentAssertions.Execution.AssertionScope.FailWith(Func`1 failReasonFunc)&#xD;
   at FluentAssertions.Execution.AssertionScope.FailWith(String message, Object[] args)&#xD;
   at FluentAssertions.Primitives.BooleanAssertions`1.BeTrue(String because, Object[] becauseArgs)&#xD;
   at XCom2ConfigParser2.Tests.StructValidation.VariableTypeResolverTests.VariableTypeResolver_Resolve_PrimitiveVariable_ReturnsPrimitiveType() in D:\Projects\Active\Mods\XCOM2_WOTC\Xcom2Modding\XCom2ConfigParser2\XCom2ConfigParser2.Tests\StructValidation\VariableTypeResolverTests.cs:line 66&#xD;
   at System.Reflection.MethodBaseInvoker.InterpretedInvoke_Method(Object obj, IntPtr* args)&#xD;
   at System.Reflection.MethodBaseInvoker.InvokeWithNoArgs(Object obj, BindingFlags invokeAttr)</StackTrace>
        </ErrorInfo>
      </Output>
    </UnitTestResult>
    <UnitTestResult executionId="d0810d1c-b5a4-46b0-b56c-bedcb3673c5a" testId="1ce8edba-9620-b1e4-ec51-a9ff4ab8c48f" testName="XCom2ConfigParser2.Tests.StructValidation.ClassFileLocatorTests.ClassFileLocator_Locate_ClassesSubdirectory_FindsFile" computerName="THESRIPC" duration="00:00:00.0184386" startTime="2026-03-23T03:23:19.7877914+05:30" endTime="2026-03-23T03:23:19.8114864+05:30" testType="13cdc9d9-ddb5-4fa4-a97d-d965ccfc6d4b" outcome="Passed" testListId="8c84fa94-04c1-424b-9868-57a2d4851a1d" relativeResultsDirectory="d0810d1c-b5a4-46b0-b56c-bedcb3673c5a" />
    <UnitTestResult executionId="7454d37b-102a-4202-9f10-02bbde6842a0" testId="39b87da0-47d9-1d0b-54e2-6b51b3ff0d47" testName="XCom2ConfigParser2.Tests.Parser.LineSplitterTests.Split_OnlyWhitespace_ReturnsLinesWithWhitespace" computerName="THESRIPC" duration="00:00:00.0001572" startTime="2026-03-23T03:23:19.8148310+05:30" endTime="2026-03-23T03:23:19.8148649+05:30" testType="13cdc9d9-ddb5-4fa4-a97d-d965ccfc6d4b" outcome="Passed" testListId="8c84fa94-04c1-424b-9868-57a2d4851a1d" relativeResultsDirectory="7454d37b-102a-4202-9f10-02bbde6842a0" />
    <UnitTestResult executionId="5cdf1d38-8ad6-46b1-ae56-621503c4860b" testId="4e0eea0a-b61b-1710-053f-5752757a4407" testName="XCom2ConfigParser2.Tests.Validation.SimpleSyntaxValidatorTests.Validate_ValidKvp_NoErrors" computerName="THESRIPC" duration="00:00:00.0002607" startTime="2026-03-23T03:23:19.8129989+05:30" endTime="2026-03-23T03:23:19.8132549+05:30" testType="13cdc9d9-ddb5-4fa4-a97d-d965ccfc6d4b" outcome="Passed" testListId="8c84fa94-04c1-424b-9868-57a2d4851a1d" relativeResultsDirectory="5cdf1d38-8ad6-46b1-ae56-621503c4860b" />
    <UnitTestResult executionId="b8cef1e4-f877-494c-a2db-10d23da1f857" testId="5f4af3cd-0d2b-26b0-0c13-ca4c799dafb5" testName="XCom2ConfigParser2.Tests.Validation.SimpleSyntaxValidatorTests.Validate_StringValue_NoErrors" computerName="THESRIPC" duration="00:00:00.0183516" startTime="2026-03-23T03:23:19.7889412+05:30" endTime="2026-03-23T03:23:19.7971893+05:30" testType="13cdc9d9-ddb5-4fa4-a97d-d965ccfc6d4b" outcome="Passed" testListId="8c84fa94-04c1-424b-9868-57a2d4851a1d" relativeResultsDirectory="b8cef1e4-f877-494c-a2db-10d23da1f857" />
    <UnitTestResult executionId="d67ef510-9e57-4061-83b6-2e399b1f74a5" testId="7ce1461c-5568-1b89-b8a2-828dfb3aaaa0" testName="XCom2ConfigParser2.Tests.StructValidation.StructCacheTests.StructCache_TryGet_ValidCache_ReturnsTrue" computerName="THESRIPC" duration="00:00:00.0086620" startTime="2026-03-23T03:23:19.8264502+05:30" endTime="2026-03-23T03:23:19.8311868+05:30" testType="13cdc9d9-ddb5-4fa4-a97d-d965ccfc6d4b" outcome="Passed" testListId="8c84fa94-04c1-424b-9868-57a2d4851a1d" relativeResultsDirectory="d67ef510-9e57-4061-83b6-2e399b1f74a5" />
    <UnitTestResult executionId="d2eeea85-aaa3-441a-aa08-465896b4bdfa" testId="b78f70f3-ac19-d0e0-c83a-1dfc2e9e5ac1" testName="XCom2ConfigParser2.Tests.Parser.DirectiveTokenizerTests.Tokenize_SectionHeader_ReturnsSectionDirective" computerName="THESRIPC" duration="00:00:00.0003925" startTime="2026-03-23T03:23:19.8161115+05:30" endTime="2026-03-23T03:23:19.8166702+05:30" testType="13cdc9d9-ddb5-4fa4-a97d-d965ccfc6d4b" outcome="Passed" testListId="8c84fa94-04c1-424b-9868-57a2d4851a1d" relativeResultsDirectory="d2eeea85-aaa3-441a-aa08-465896b4bdfa" />
    <UnitTestResult executionId="915e81bd-7a4c-4665-930b-56c5be8f1b56" testId="40a7d5cd-acbf-bb95-2d10-c3f0951fe0d7" testName="XCom2ConfigParser2.Tests.Configuration.SettingsLoaderTests.SettingsLoader_Load_WithWorkspaceFolderToken_ExpandsToProjectRoot" computerName="THESRIPC" duration="00:00:00.0025251" startTime="2026-03-23T03:23:19.8249487+05:30" endTime="2026-03-23T03:23:19.8249974+05:30" testType="13cdc9d9-ddb5-4fa4-a97d-d965ccfc6d4b" outcome="Passed" testListId="8c84fa94-04c1-424b-9868-57a2d4851a1d" relativeResultsDirectory="915e81bd-7a4c-4665-930b-56c5be8f1b56" />
    <UnitTestResult executionId="db4185d6-38eb-4336-ba5c-4d65a47a77a9" testId="4250d8fc-fa71-c357-0323-9bea03a656c6" testName="XCom2ConfigParser2.Tests.StructValidation.StructCacheTests.StructCache_Save_ThenTryGet_ReturnsCachedStruct" computerName="THESRIPC" duration="00:00:00.0087185" startTime="2026-03-23T03:23:19.8258386+05:30" endTime="2026-03-23T03:23:19.8263692+05:30" testType="13cdc9d9-ddb5-4fa4-a97d-d965ccfc6d4b" outcome="Passed" testListId="8c84fa94-04c1-424b-9868-57a2d4851a1d" relativeResultsDirectory="db4185d6-38eb-4336-ba5c-4d65a47a77a9" />
    <UnitTestResult executionId="d7d6b289-4bbb-4e0c-9011-8dc605e59dc8" testId="84c4f2e6-8910-1cdc-a485-1406e6cc2f6f" testName="XCom2ConfigParser2.Tests.Configuration.SettingsLoaderTests.SettingsLoader_Load_ParsesBuildScriptForModsCompiledAgainst" computerName="THESRIPC" duration="00:00:00.0065883" startTime="2026-03-23T03:23:19.8156499+05:30" endTime="2026-03-23T03:23:19.8199684+05:30" testType="13cdc9d9-ddb5-4fa4-a97d-d965ccfc6d4b" outcome="Passed" testListId="8c84fa94-04c1-424b-9868-57a2d4851a1d" relativeResultsDirectory="d7d6b289-4bbb-4e0c-9011-8dc605e59dc8" />
    <UnitTestResult executionId="04d46f5e-ce9f-40af-be67-069daad86a43" testId="977d9587-360e-924d-717f-b2eec19d61e8" testName="XCom2ConfigParser2.Tests.Validation.SimpleSyntaxValidatorTests.Validate_NumericValue_NoErrors" computerName="THESRIPC" duration="00:00:00.0002458" startTime="2026-03-23T03:23:19.8114686+05:30" endTime="2026-03-23T03:23:19.8118114+05:30" testType="13cdc9d9-ddb5-4fa4-a97d-d965ccfc6d4b" outcome="Passed" testListId="8c84fa94-04c1-424b-9868-57a2d4851a1d" relativeResultsDirectory="04d46f5e-ce9f-40af-be67-069daad86a43" />
    <UnitTestResult executionId="d069e6d9-e1af-454e-8c71-03fc8200dfbb" testId="e6c922e4-844e-53b9-fc5c-fd33c7731633" testName="XCom2ConfigParser2.Tests.StructValidation.StructCacheTests.StructCache_TryGet_SourceFileDeleted_ReturnsFalse" computerName="THESRIPC" duration="00:00:00.0081610" startTime="2026-03-23T03:23:19.8329429+05:30" endTime="2026-03-23T03:23:19.8410667+05:30" testType="13cdc9d9-ddb5-4fa4-a97d-d965ccfc6d4b" outcome="Passed" testListId="8c84fa94-04c1-424b-9868-57a2d4851a1d" relativeResultsDirectory="d069e6d9-e1af-454e-8c71-03fc8200dfbb" />
    <UnitTestResult executionId="dae402b6-1733-489a-bd4e-fe63ad045844" testId="dac75a2b-d872-943b-e3cb-5fe9d9afc176" testName="XCom2ConfigParser2.Tests.StructValidation.VariableTypeResolverTests.VariableTypeResolver_Resolve_NonExistentProperty_ReturnsNotFound" computerName="THESRIPC" duration="00:00:00.0184393" startTime="2026-03-23T03:23:19.7889120+05:30" endTime="2026-03-23T03:23:19.8052631+05:30" testType="13cdc9d9-ddb5-4fa4-a97d-d965ccfc6d4b" outcome="Passed" testListId="8c84fa94-04c1-424b-9868-57a2d4851a1d" relativeResultsDirectory="dae402b6-1733-489a-bd4e-fe63ad045844" />
  </Results>
  <TestDefinitions>
    <UnitTest name="XCom2ConfigParser2.Tests.Configuration.SettingsLoaderTests.SettingsLoader_Load_WithWorkspaceFolderToken_ExpandsToProjectRoot" storage="d:\projects\active\mods\xcom2_wotc\xcom2modding\xcom2configparser2\xcom2configparser2.tests\bin\debug\net10.0\xcom2configparser2.tests.dll" id="40a7d5cd-acbf-bb95-2d10-c3f0951fe0d7">
      <Execution id="915e81bd-7a4c-4665-930b-56c5be8f1b56" />
      <TestMethod codeBase="D:\Projects\Active\Mods\XCOM2_WOTC\Xcom2Modding\XCom2ConfigParser2\XCom2ConfigParser2.Tests\bin\Debug\net10.0\XCom2ConfigParser2.Tests.dll" adapterTypeName="executor://xunit/VsTestRunner3/netcore/" className="XCom2ConfigParser2.Tests.Configuration.SettingsLoaderTests" name="SettingsLoader_Load_WithWorkspaceFolderToken_ExpandsToProjectRoot" />
    </UnitTest>
    <UnitTest name="XCom2ConfigParser2.Tests.StructValidation.ClassFileLocatorTests.ClassFileLocator_Locate_WithModPaths_SearchesModPaths" storage="d:\projects\active\mods\xcom2_wotc\xcom2modding\xcom2configparser2\xcom2configparser2.tests\bin\debug\net10.0\xcom2configparser2.tests.dll" id="a0604407-3b32-cf6b-f9fc-dbff907d07f8">
      <Execution id="92875cf4-b5b0-4033-a678-bc958b859ff0" />
      <TestMethod codeBase="D:\Projects\Active\Mods\XCOM2_WOTC\Xcom2Modding\XCom2ConfigParser2\XCom2ConfigParser2.Tests\bin\Debug\net10.0\XCom2ConfigParser2.Tests.dll" adapterTypeName="executor://xunit/VsTestRunner3/netcore/" className="XCom2ConfigParser2.Tests.StructValidation.ClassFileLocatorTests" name="ClassFileLocator_Locate_WithModPaths_SearchesModPaths" />
    </UnitTest>
    <UnitTest name="XCom2ConfigParser2.Tests.StructValidation.StructDefinitionResolverTests.StructDefinitionResolver_Resolve_CachesResult_AfterSuccessfulResolution" storage="d:\projects\active\mods\xcom2_wotc\xcom2modding\xcom2configparser2\xcom2configparser2.tests\bin\debug\net10.0\xcom2configparser2.tests.dll" id="aaf87db9-8f5e-5950-fc33-d019336c0527">
      <Execution id="00a92cde-acde-4cff-ba0b-22f3a5bd25d2" />
      <TestMethod codeBase="D:\Projects\Active\Mods\XCOM2_WOTC\Xcom2Modding\XCom2ConfigParser2\XCom2ConfigParser2.Tests\bin\Debug\net10.0\XCom2ConfigParser2.Tests.dll" adapterTypeName="executor://xunit/VsTestRunner3/netcore/" className="XCom2ConfigParser2.Tests.StructValidation.StructDefinitionResolverTests" name="StructDefinitionResolver_Resolve_CachesResult_AfterSuccessfulResolution" />
    </UnitTest>
    <UnitTest name="XCom2ConfigParser2.Tests.Validation.SimpleSyntaxValidatorTests.Validate_StringValue_NoErrors" storage="d:\projects\active\mods\xcom2_wotc\xcom2modding\xcom2configparser2\xcom2configparser2.tests\bin\debug\net10.0\xcom2configparser2.tests.dll" id="5f4af3cd-0d2b-26b0-0c13-ca4c799dafb5">
      <Execution id="b8cef1e4-f877-494c-a2db-10d23da1f857" />
      <TestMethod codeBase="D:\Projects\Active\Mods\XCOM2_WOTC\Xcom2Modding\XCom2ConfigParser2\XCom2ConfigParser2.Tests\bin\Debug\net10.0\XCom2ConfigParser2.Tests.dll" adapterTypeName="executor://xunit/VsTestRunner3/netcore/" className="XCom2ConfigParser2.Tests.Validation.SimpleSyntaxValidatorTests" name="Validate_StringValue_NoErrors" />
    </UnitTest>
    <UnitTest name="XCom2ConfigParser2.Tests.Configuration.SettingsLoaderTests.SettingsLoader_Load_ExplicitModsCompiledAgainst_TakesPrecedenceOverBuildScript" storage="d:\projects\active\mods\xcom2_wotc\xcom2modding\xcom2configparser2\xcom2configparser2.tests\bin\debug\net10.0\xcom2configparser2.tests.dll" id="7c9e66f7-3142-aac2-2c50-a42dbfc9e72a">
      <Execution id="059ce358-7516-466d-8569-a2a63f3bc5b3" />
      <TestMethod codeBase="D:\Projects\Active\Mods\XCOM2_WOTC\Xcom2Modding\XCom2ConfigParser2\XCom2ConfigParser2.Tests\bin\Debug\net10.0\XCom2ConfigParser2.Tests.dll" adapterTypeName="executor://xunit/VsTestRunner3/netcore/" className="XCom2ConfigParser2.Tests.Configuration.SettingsLoaderTests" name="SettingsLoader_Load_ExplicitModsCompiledAgainst_TakesPrecedenceOverBuildScript" />
    </UnitTest>
    <UnitTest name="XCom2ConfigParser2.Tests.Configuration.SettingsLoaderTests.SettingsLoader_Load_NoSettingsFile_ReturnsDefaults" storage="d:\projects\active\mods\xcom2_wotc\xcom2modding\xcom2configparser2\xcom2configparser2.tests\bin\debug\net10.0\xcom2configparser2.tests.dll" id="2f6bf162-8f75-23ed-fa8b-a261e0b66ab4">
      <Execution id="035c340a-a732-485e-8a98-e7f360a41967" />
      <TestMethod codeBase="D:\Projects\Active\Mods\XCOM2_WOTC\Xcom2Modding\XCom2ConfigParser2\XCom2ConfigParser2.Tests\bin\Debug\net10.0\XCom2ConfigParser2.Tests.dll" adapterTypeName="executor://xunit/VsTestRunner3/netcore/" className="XCom2ConfigParser2.Tests.Configuration.SettingsLoaderTests" name="SettingsLoader_Load_NoSettingsFile_ReturnsDefaults" />
    </UnitTest>
    <UnitTest name="XCom2ConfigParser2.Tests.Parser.LineSplitterTests.GetMergedLines_TrailingContinuation_SetsErrorFlag" storage="d:\projects\active\mods\xcom2_wotc\xcom2modding\xcom2configparser2\xcom2configparser2.tests\bin\debug\net10.0\xcom2configparser2.tests.dll" id="afe58315-9af7-c541-e370-6623b44fa98e">
      <Execution id="5468c89a-0eb2-4429-a3d9-713ac6f0c23e" />
      <TestMethod codeBase="D:\Projects\Active\Mods\XCOM2_WOTC\Xcom2Modding\XCom2ConfigParser2\XCom2ConfigParser2.Tests\bin\Debug\net10.0\XCom2ConfigParser2.Tests.dll" adapterTypeName="executor://xunit/VsTestRunner3/netcore/" className="XCom2ConfigParser2.Tests.Parser.LineSplitterTests" name="GetMergedLines_TrailingContinuation_SetsErrorFlag" />
    </UnitTest>
    <UnitTest name="XCom2ConfigParser2.Tests.StructValidation.StructDefinitionResolverTests.StructDefinitionResolver_Resolve_ProjectSource_FindsStruct" storage="d:\projects\active\mods\xcom2_wotc\xcom2modding\xcom2configparser2\xcom2configparser2.tests\bin\debug\net10.0\xcom2configparser2.tests.dll" id="0114d80d-e4b2-d8cf-e189-2aa05a272b83">
      <Execution id="81d50907-7ded-4a50-b809-baac41b03e35" />
      <TestMethod codeBase="D:\Projects\Active\Mods\XCOM2_WOTC\Xcom2Modding\XCom2ConfigParser2\XCom2ConfigParser2.Tests\bin\Debug\net10.0\XCom2ConfigParser2.Tests.dll" adapterTypeName="executor://xunit/VsTestRunner3/netcore/" className="XCom2ConfigParser2.Tests.StructValidation.StructDefinitionResolverTests" name="StructDefinitionResolver_Resolve_ProjectSource_FindsStruct" />
    </UnitTest>
    <UnitTest name="XCom2ConfigParser2.Tests.Validation.SimpleSyntaxValidatorTests.Validate_ValidArray_NoErrors" storage="d:\projects\active\mods\xcom2_wotc\xcom2modding\xcom2configparser2\xcom2configparser2.tests\bin\debug\net10.0\xcom2configparser2.tests.dll" id="76d76735-4982-9b15-518e-d029540a7434">
      <Execution id="2febeb3c-77c5-45e7-8751-1dd9efa63e8e" />
      <TestMethod codeBase="D:\Projects\Active\Mods\XCOM2_WOTC\Xcom2Modding\XCom2ConfigParser2\XCom2ConfigParser2.Tests\bin\Debug\net10.0\XCom2ConfigParser2.Tests.dll" adapterTypeName="executor://xunit/VsTestRunner3/netcore/" className="XCom2ConfigParser2.Tests.Validation.SimpleSyntaxValidatorTests" name="Validate_ValidArray_NoErrors" />
    </UnitTest>
    <UnitTest name="XCom2ConfigParser2.Tests.Validation.SimpleSyntaxValidatorTests.Validate_ValidKvp_NoErrors" storage="d:\projects\active\mods\xcom2_wotc\xcom2modding\xcom2configparser2\xcom2configparser2.tests\bin\debug\net10.0\xcom2configparser2.tests.dll" id="4e0eea0a-b61b-1710-053f-5752757a4407">
      <Execution id="5cdf1d38-8ad6-46b1-ae56-621503c4860b" />
      <TestMethod codeBase="D:\Projects\Active\Mods\XCOM2_WOTC\Xcom2Modding\XCom2ConfigParser2\XCom2ConfigParser2.Tests\bin\Debug\net10.0\XCom2ConfigParser2.Tests.dll" adapterTypeName="executor://xunit/VsTestRunner3/netcore/" className="XCom2ConfigParser2.Tests.Validation.SimpleSyntaxValidatorTests" name="Validate_ValidKvp_NoErrors" />
    </UnitTest>
    <UnitTest name="XCom2ConfigParser2.Tests.StructValidation.StructCacheTests.StructCache_TryGet_SourceFileDeleted_ReturnsFalse" storage="d:\projects\active\mods\xcom2_wotc\xcom2modding\xcom2configparser2\xcom2configparser2.tests\bin\debug\net10.0\xcom2configparser2.tests.dll" id="e6c922e4-844e-53b9-fc5c-fd33c7731633">
      <Execution id="d069e6d9-e1af-454e-8c71-03fc8200dfbb" />
      <TestMethod codeBase="D:\Projects\Active\Mods\XCOM2_WOTC\Xcom2Modding\XCom2ConfigParser2\XCom2ConfigParser2.Tests\bin\Debug\net10.0\XCom2ConfigParser2.Tests.dll" adapterTypeName="executor://xunit/VsTestRunner3/netcore/" className="XCom2ConfigParser2.Tests.StructValidation.StructCacheTests" name="StructCache_TryGet_SourceFileDeleted_ReturnsFalse" />
    </UnitTest>
    <UnitTest name="XCom2ConfigParser2.Tests.Parser.StructParserTests.Parse_QuotedString_ReturnsTerminalWithQuotes" storage="d:\projects\active\mods\xcom2_wotc\xcom2modding\xcom2configparser2\xcom2configparser2.tests\bin\debug\net10.0\xcom2configparser2.tests.dll" id="5fe7455a-3668-461e-60b7-f7bc8420e079">
      <Execution id="d44be36e-4a71-48a7-a0ec-a80f62a3f151" />
      <TestMethod codeBase="D:\Projects\Active\Mods\XCOM2_WOTC\Xcom2Modding\XCom2ConfigParser2\XCom2ConfigParser2.Tests\bin\Debug\net10.0\XCom2ConfigParser2.Tests.dll" adapterTypeName="executor://xunit/VsTestRunner3/netcore/" className="XCom2ConfigParser2.Tests.Parser.StructParserTests" name="Parse_QuotedString_ReturnsTerminalWithQuotes" />
    </UnitTest>
    <UnitTest name="XCom2ConfigParser2.Tests.StructValidation.StructDefinitionResolverTests.StructDefinitionResolver_Resolve_CacheHit_ReturnsCachedStruct" storage="d:\projects\active\mods\xcom2_wotc\xcom2modding\xcom2configparser2\xcom2configparser2.tests\bin\debug\net10.0\xcom2configparser2.tests.dll" id="25ce89cd-b3b8-00d2-0caf-9b18ffb85d4b">
      <Execution id="f102003c-05d3-422e-bc3c-36d27a78ce49" />
      <TestMethod codeBase="D:\Projects\Active\Mods\XCOM2_WOTC\Xcom2Modding\XCom2ConfigParser2\XCom2ConfigParser2.Tests\bin\Debug\net10.0\XCom2ConfigParser2.Tests.dll" adapterTypeName="executor://xunit/VsTestRunner3/netcore/" className="XCom2ConfigParser2.Tests.StructValidation.StructDefinitionResolverTests" name="StructDefinitionResolver_Resolve_CacheHit_ReturnsCachedStruct" />
    </UnitTest>
    <UnitTest name="XCom2ConfigParser2.Tests.Parser.StructParserTests.Parse_NestedStruct_ReturnsNestedStructure" storage="d:\projects\active\mods\xcom2_wotc\xcom2modding\xcom2configparser2\xcom2configparser2.tests\bin\debug\net10.0\xcom2configparser2.tests.dll" id="861ac2a4-0bad-3cdb-46cd-a803b74229e5">
      <Execution id="9a59eff9-f65c-4db8-941a-24cbba8d8d68" />
      <TestMethod codeBase="D:\Projects\Active\Mods\XCOM2_WOTC\Xcom2Modding\XCom2ConfigParser2\XCom2ConfigParser2.Tests\bin\Debug\net10.0\XCom2ConfigParser2.Tests.dll" adapterTypeName="executor://xunit/VsTestRunner3/netcore/" className="XCom2ConfigParser2.Tests.Parser.StructParserTests" name="Parse_NestedStruct_ReturnsNestedStructure" />
    </UnitTest>
    <UnitTest name="XCom2ConfigParser2.Tests.StructValidation.StructCacheTests.StructCache_Constructor_CreatesCacheDirectory" storage="d:\projects\active\mods\xcom2_wotc\xcom2modding\xcom2configparser2\xcom2configparser2.tests\bin\debug\net10.0\xcom2configparser2.tests.dll" id="27812fdf-7240-179b-d15d-03ccd13c1f6f">
      <Execution id="6b2b9991-a064-4c03-9008-26030e6738cf" />
      <TestMethod codeBase="D:\Projects\Active\Mods\XCOM2_WOTC\Xcom2Modding\XCom2ConfigParser2\XCom2ConfigParser2.Tests\bin\Debug\net10.0\XCom2ConfigParser2.Tests.dll" adapterTypeName="executor://xunit/VsTestRunner3/netcore/" className="XCom2ConfigParser2.Tests.StructValidation.StructCacheTests" name="StructCache_Constructor_CreatesCacheDirectory" />
    </UnitTest>
    <UnitTest name="XCom2ConfigParser2.Tests.Configuration.SettingsLoaderTests.SettingsLoader_Load_WithBuildScriptPath_UsesConfiguredValue" storage="d:\projects\active\mods\xcom2_wotc\xcom2modding\xcom2configparser2\xcom2configparser2.tests\bin\debug\net10.0\xcom2configparser2.tests.dll" id="56f43942-9a06-a9aa-fd16-08f652496b74">
      <Execution id="da0df27a-ee8e-4a0f-b101-b88ff769bbd0" />
      <TestMethod codeBase="D:\Projects\Active\Mods\XCOM2_WOTC\Xcom2Modding\XCom2ConfigParser2\XCom2ConfigParser2.Tests\bin\Debug\net10.0\XCom2ConfigParser2.Tests.dll" adapterTypeName="executor://xunit/VsTestRunner3/netcore/" className="XCom2ConfigParser2.Tests.Configuration.SettingsLoaderTests" name="SettingsLoader_Load_WithBuildScriptPath_UsesConfiguredValue" />
    </UnitTest>
    <UnitTest name="XCom2ConfigParser2.Tests.StructValidation.StructFieldTests.StructField_PrimitiveType_IsStructReturnsFalse" storage="d:\projects\active\mods\xcom2_wotc\xcom2modding\xcom2configparser2\xcom2configparser2.tests\bin\debug\net10.0\xcom2configparser2.tests.dll" id="d598e52a-090f-fc01-4eed-de5208da281a">
      <Execution id="7870ffc5-ba13-4a8f-98a5-b561a6cee291" />
      <TestMethod codeBase="D:\Projects\Active\Mods\XCOM2_WOTC\Xcom2Modding\XCom2ConfigParser2\XCom2ConfigParser2.Tests\bin\Debug\net10.0\XCom2ConfigParser2.Tests.dll" adapterTypeName="executor://xunit/VsTestRunner3/netcore/" className="XCom2ConfigParser2.Tests.StructValidation.StructFieldTests" name="StructField_PrimitiveType_IsStructReturnsFalse" />
    </UnitTest>
    <UnitTest name="XCom2ConfigParser2.Tests.Parser.DirectiveTokenizerTests.Tokenize_MultipleDirectives_ReturnsAllDirectives" storage="d:\projects\active\mods\xcom2_wotc\xcom2modding\xcom2configparser2\xcom2configparser2.tests\bin\debug\net10.0\xcom2configparser2.tests.dll" id="1e6df7f9-ec91-c72a-f5c1-4803bf77bbfb">
      <Execution id="fd063d35-1673-4b33-9cc5-5f50291da725" />
      <TestMethod codeBase="D:\Projects\Active\Mods\XCOM2_WOTC\Xcom2Modding\XCom2ConfigParser2\XCom2ConfigParser2.Tests\bin\Debug\net10.0\XCom2ConfigParser2.Tests.dll" adapterTypeName="executor://xunit/VsTestRunner3/netcore/" className="XCom2ConfigParser2.Tests.Parser.DirectiveTokenizerTests" name="Tokenize_MultipleDirectives_ReturnsAllDirectives" />
    </UnitTest>
    <UnitTest name="XCom2ConfigParser2.Tests.Parser.DirectiveTokenizerTests.Tokenize_EmptyLine_SkipsLine" storage="d:\projects\active\mods\xcom2_wotc\xcom2modding\xcom2configparser2\xcom2configparser2.tests\bin\debug\net10.0\xcom2configparser2.tests.dll" id="cbdac966-66f6-16e0-11de-6155c6618dd8">
      <Execution id="f4f58afe-809d-47b8-bfe2-2df52d5dbfb8" />
      <TestMethod codeBase="D:\Projects\Active\Mods\XCOM2_WOTC\Xcom2Modding\XCom2ConfigParser2\XCom2ConfigParser2.Tests\bin\Debug\net10.0\XCom2ConfigParser2.Tests.dll" adapterTypeName="executor://xunit/VsTestRunner3/netcore/" className="XCom2ConfigParser2.Tests.Parser.DirectiveTokenizerTests" name="Tokenize_EmptyLine_SkipsLine" />
    </UnitTest>
[...]
    <TestEntry testId="42ae51fd-2757-9cf1-a951-7f1ca3ffae0e" executionId="2b2dec9b-ce16-4fd0-8da8-58acaa613e55" testListId="8c84fa94-04c1-424b-9868-57a2d4851a1d" />
    <TestEntry testId="33a2f52c-c246-8835-ea8d-336c9403378c" executionId="eb3d8a6d-5f63-4cc5-965d-44ef441dc5ab" testListId="8c84fa94-04c1-424b-9868-57a2d4851a1d" />
    <TestEntry testId="9fca664e-530d-ff49-8b6e-44463ae4df28" executionId="04b5ccd9-6101-40a9-9f9a-3b34a0f00da6" testListId="8c84fa94-04c1-424b-9868-57a2d4851a1d" />
    <TestEntry testId="25ce89cd-b3b8-00d2-0caf-9b18ffb85d4b" executionId="f102003c-05d3-422e-bc3c-36d27a78ce49" testListId="8c84fa94-04c1-424b-9868-57a2d4851a1d" />
    <TestEntry testId="afe58315-9af7-c541-e370-6623b44fa98e" executionId="5468c89a-0eb2-4429-a3d9-713ac6f0c23e" testListId="8c84fa94-04c1-424b-9868-57a2d4851a1d" />
    <TestEntry testId="5fe7455a-3668-461e-60b7-f7bc8420e079" executionId="d44be36e-4a71-48a7-a0ec-a80f62a3f151" testListId="8c84fa94-04c1-424b-9868-57a2d4851a1d" />
    <TestEntry testId="d598e52a-090f-fc01-4eed-de5208da281a" executionId="7870ffc5-ba13-4a8f-98a5-b561a6cee291" testListId="8c84fa94-04c1-424b-9868-57a2d4851a1d" />
    <TestEntry testId="8037810e-31ee-4268-b347-41ba9278a4d0" executionId="90afec98-b458-4ecb-b656-2d0141e03f57" testListId="8c84fa94-04c1-424b-9868-57a2d4851a1d" />
    <TestEntry testId="273471cc-854f-91f2-a399-c20538198473" executionId="d59b67d1-da58-41c5-8d68-04006b852360" testListId="8c84fa94-04c1-424b-9868-57a2d4851a1d" />
    <TestEntry testId="98effa6d-7dd2-eeda-9803-d3eb3bf49612" executionId="e3664805-3cda-4216-9e47-1f69474f8eda" testListId="8c84fa94-04c1-424b-9868-57a2d4851a1d" />
    <TestEntry testId="0114d80d-e4b2-d8cf-e189-2aa05a272b83" executionId="81d50907-7ded-4a50-b809-baac41b03e35" testListId="8c84fa94-04c1-424b-9868-57a2d4851a1d" />
    <TestEntry testId="696a216b-7a8e-09d6-3600-ecd111c37c85" executionId="41100092-3999-49c6-b426-d190a7dec7b9" testListId="8c84fa94-04c1-424b-9868-57a2d4851a1d" />
    <TestEntry testId="1ce8edba-9620-b1e4-ec51-a9ff4ab8c48f" executionId="d0810d1c-b5a4-46b0-b56c-bedcb3673c5a" testListId="8c84fa94-04c1-424b-9868-57a2d4851a1d" />
    <TestEntry testId="39b87da0-47d9-1d0b-54e2-6b51b3ff0d47" executionId="7454d37b-102a-4202-9f10-02bbde6842a0" testListId="8c84fa94-04c1-424b-9868-57a2d4851a1d" />
    <TestEntry testId="4e0eea0a-b61b-1710-053f-5752757a4407" executionId="5cdf1d38-8ad6-46b1-ae56-621503c4860b" testListId="8c84fa94-04c1-424b-9868-57a2d4851a1d" />
    <TestEntry testId="5f4af3cd-0d2b-26b0-0c13-ca4c799dafb5" executionId="b8cef1e4-f877-494c-a2db-10d23da1f857" testListId="8c84fa94-04c1-424b-9868-57a2d4851a1d" />
    <TestEntry testId="7ce1461c-5568-1b89-b8a2-828dfb3aaaa0" executionId="d67ef510-9e57-4061-83b6-2e399b1f74a5" testListId="8c84fa94-04c1-424b-9868-57a2d4851a1d" />
    <TestEntry testId="b78f70f3-ac19-d0e0-c83a-1dfc2e9e5ac1" executionId="d2eeea85-aaa3-441a-aa08-465896b4bdfa" testListId="8c84fa94-04c1-424b-9868-57a2d4851a1d" />
    <TestEntry testId="40a7d5cd-acbf-bb95-2d10-c3f0951fe0d7" executionId="915e81bd-7a4c-4665-930b-56c5be8f1b56" testListId="8c84fa94-04c1-424b-9868-57a2d4851a1d" />
    <TestEntry testId="4250d8fc-fa71-c357-0323-9bea03a656c6" executionId="db4185d6-38eb-4336-ba5c-4d65a47a77a9" testListId="8c84fa94-04c1-424b-9868-57a2d4851a1d" />
    <TestEntry testId="84c4f2e6-8910-1cdc-a485-1406e6cc2f6f" executionId="d7d6b289-4bbb-4e0c-9011-8dc605e59dc8" testListId="8c84fa94-04c1-424b-9868-57a2d4851a1d" />
    <TestEntry testId="977d9587-360e-924d-717f-b2eec19d61e8" executionId="04d46f5e-ce9f-40af-be67-069daad86a43" testListId="8c84fa94-04c1-424b-9868-57a2d4851a1d" />
    <TestEntry testId="e6c922e4-844e-53b9-fc5c-fd33c7731633" executionId="d069e6d9-e1af-454e-8c71-03fc8200dfbb" testListId="8c84fa94-04c1-424b-9868-57a2d4851a1d" />
    <TestEntry testId="dac75a2b-d872-943b-e3cb-5fe9d9afc176" executionId="dae402b6-1733-489a-bd4e-fe63ad045844" testListId="8c84fa94-04c1-424b-9868-57a2d4851a1d" />
  </TestEntries>
  <TestLists>
    <TestList name="Results Not in a List" id="8c84fa94-04c1-424b-9868-57a2d4851a1d" />
    <TestList name="All Loaded Results" id="19431567-8539-422a-85d7-44ee4e166bda" />
  </TestLists>
  <ResultSummary outcome="Failed">
    <Counters total="97" executed="97" passed="89" failed="8" error="0" timeout="0" aborted="0" inconclusive="0" passedButRunAborted="0" notRunnable="0" notExecuted="0" disconnected="0" warning="0" completed="0" inProgress="0" pending="0" />
    <Output>
      <StdOut>[xUnit.net 00:00:00.00] xUnit.net VSTest Adapter v3.1.4+50e68bbb8b (64-bit .NET 10.0.2)&#xD;
[xUnit.net 00:00:00.05]   Discovering: XCom2ConfigParser2.Tests&#xD;
[xUnit.net 00:00:00.08]   Discovered:  XCom2ConfigParser2.Tests&#xD;
[xUnit.net 00:00:00.10]   Starting:    XCom2ConfigParser2.Tests&#xD;
[xUnit.net 00:00:00.20]       Expected result.Found to be true, but found False.&#xD;
[xUnit.net 00:00:00.20]       Stack Trace:&#xD;
[xUnit.net 00:00:00.20]            at FluentAssertions.Execution.XUnit2TestFramework.Throw(String message)&#xD;
[xUnit.net 00:00:00.20]            at FluentAssertions.Execution.TestFrameworkProvider.Throw(String message)&#xD;
[xUnit.net 00:00:00.20]            at FluentAssertions.Execution.DefaultAssertionStrategy.HandleFailure(String message)&#xD;
[xUnit.net 00:00:00.20]            at FluentAssertions.Execution.AssertionScope.FailWith(Func`1 failReasonFunc)&#xD;
[xUnit.net 00:00:00.20]            at FluentAssertions.Execution.AssertionScope.FailWith(Func`1 failReasonFunc)&#xD;
[xUnit.net 00:00:00.20]            at FluentAssertions.Execution.AssertionScope.FailWith(String message, Object[] args)&#xD;
[xUnit.net 00:00:00.20]            at FluentAssertions.Primitives.BooleanAssertions`1.BeTrue(String because, Object[] becauseArgs)&#xD;
[xUnit.net 00:00:00.20]         D:\Projects\Active\Mods\XCOM2_WOTC\Xcom2Modding\XCom2ConfigParser2\XCom2ConfigParser2.Tests\StructValidation\StructDefinitionResolverTests.cs(83,0): at XCom2ConfigParser2.Tests.StructValidation.StructDefinitionResolverTests.StructDefinitionResolver_Resolve_ProjectSource_FindsStruct()&#xD;
[xUnit.net 00:00:00.20]            at System.Reflection.MethodBaseInvoker.InterpretedInvoke_Method(Object obj, IntPtr* args)&#xD;
[xUnit.net 00:00:00.20]            at System.Reflection.MethodBaseInvoker.InvokeWithNoArgs(Object obj, BindingFlags invokeAttr)&#xD;
[xUnit.net 00:00:00.21]       Expected result.Found to be true, but found False.&#xD;
[xUnit.net 00:00:00.21]       Stack Trace:&#xD;
[xUnit.net 00:00:00.21]            at FluentAssertions.Execution.XUnit2TestFramework.Throw(String message)&#xD;
[xUnit.net 00:00:00.21]            at FluentAssertions.Execution.TestFrameworkProvider.Throw(String message)&#xD;
[xUnit.net 00:00:00.21]            at FluentAssertions.Execution.DefaultAssertionStrategy.HandleFailure(String message)&#xD;
[xUnit.net 00:00:00.21]            at FluentAssertions.Execution.AssertionScope.FailWith(Func`1 failReasonFunc)&#xD;
[xUnit.net 00:00:00.21]            at FluentAssertions.Execution.AssertionScope.FailWith(Func`1 failReasonFunc)&#xD;
[xUnit.net 00:00:00.21]            at FluentAssertions.Execution.AssertionScope.FailWith(String message, Object[] args)&#xD;
[xUnit.net 00:00:00.21]            at FluentAssertions.Primitives.BooleanAssertions`1.BeTrue(String because, Object[] becauseArgs)&#xD;
[xUnit.net 00:00:00.21]         D:\Projects\Active\Mods\XCOM2_WOTC\Xcom2Modding\XCom2ConfigParser2\XCom2ConfigParser2.Tests\StructValidation\VariableTypeResolverTests.cs(66,0): at XCom2ConfigParser2.Tests.StructValidation.VariableTypeResolverTests.VariableTypeResolver_Resolve_PrimitiveVariable_ReturnsPrimitiveType()&#xD;
[xUnit.net 00:00:00.21]            at System.Reflection.MethodBaseInvoker.InterpretedInvoke_Method(Object obj, IntPtr* args)&#xD;
[xUnit.net 00:00:00.21]            at System.Reflection.MethodBaseInvoker.InvokeWithNoArgs(Object obj, BindingFlags invokeAttr)&#xD;
[xUnit.net 00:00:00.21]       Expected result.Found to be true, but found False.&#xD;
[xUnit.net 00:00:00.21]       Stack Trace:&#xD;
[xUnit.net 00:00:00.21]            at FluentAssertions.Execution.XUnit2TestFramework.Throw(String message)&#xD;
[xUnit.net 00:00:00.21]            at FluentAssertions.Execution.TestFrameworkProvider.Throw(String message)&#xD;
[xUnit.net 00:00:00.21]            at FluentAssertions.Execution.DefaultAssertionStrategy.HandleFailure(String message)&#xD;
[xUnit.net 00:00:00.21]            at FluentAssertions.Execution.AssertionScope.FailWith(Func`1 failReasonFunc)&#xD;
[xUnit.net 00:00:00.21]            at FluentAssertions.Execution.AssertionScope.FailWith(Func`1 failReasonFunc)&#xD;
[xUnit.net 00:00:00.21]            at FluentAssertions.Execution.AssertionScope.FailWith(String message, Object[] args)&#xD;
[xUnit.net 00:00:00.21]            at FluentAssertions.Primitives.BooleanAssertions`1.BeTrue(String because, Object[] becauseArgs)&#xD;
[xUnit.net 00:00:00.21]         D:\Projects\Active\Mods\XCOM2_WOTC\Xcom2Modding\XCom2ConfigParser2\XCom2ConfigParser2.Tests\StructValidation\VariableTypeResolverTests.cs(43,0): at XCom2ConfigParser2.Tests.StructValidation.VariableTypeResolverTests.VariableTypeResolver_Resolve_ValidClassFile_ReturnsVariableType()&#xD;
[xUnit.net 00:00:00.21]            at System.Reflection.MethodBaseInvoker.InterpretedInvoke_Method(Object obj, IntPtr* args)&#xD;
[xUnit.net 00:00:00.21]            at System.Reflection.MethodBaseInvoker.InvokeWithNoArgs(Object obj, BindingFlags invokeAttr)&#xD;
[xUnit.net 00:00:00.21]       Expected result.Found to be true, but found False.&#xD;
[xUnit.net 00:00:00.21]       Stack Trace:&#xD;
[xUnit.net 00:00:00.21]            at FluentAssertions.Execution.XUnit2TestFramework.Throw(String message)&#xD;
[xUnit.net 00:00:00.21]            at FluentAssertions.Execution.TestFrameworkProvider.Throw(String message)&#xD;
[xUnit.net 00:00:00.21]            at FluentAssertions.Execution.DefaultAssertionStrategy.HandleFailure(String message)&#xD;
[xUnit.net 00:00:00.21]            at FluentAssertions.Execution.AssertionScope.FailWith(Func`1 failReasonFunc)&#xD;
[xUnit.net 00:00:00.21]            at FluentAssertions.Execution.AssertionScope.FailWith(Func`1 failReasonFunc)&#xD;
[xUnit.net 00:00:00.21]            at FluentAssertions.Execution.AssertionScope.FailWith(String message, Object[] args)&#xD;
[xUnit.net 00:00:00.21]            at FluentAssertions.Primitives.BooleanAssertions`1.BeTrue(String because, Object[] becauseArgs)&#xD;
[xUnit.net 00:00:00.21]         D:\Projects\Active\Mods\XCOM2_WOTC\Xcom2Modding\XCom2ConfigParser2\XCom2ConfigParser2.Tests\StructValidation\StructDefinitionResolverTests.cs(164,0): at XCom2ConfigParser2.Tests.StructValidation.StructDefinitionResolverTests.StructDefinitionResolver_Resolve_CircularReference_DoesNotStackOverflow()&#xD;
[xUnit.net 00:00:00.21]            at System.Reflection.MethodBaseInvoker.InterpretedInvoke_Method(Object obj, IntPtr* args)&#xD;
[xUnit.net 00:00:00.21]            at System.Reflection.MethodBaseInvoker.InvokeWithNoArgs(Object obj, BindingFlags invokeAttr)&#xD;
[xUnit.net 00:00:00.21]       Expected result.Found to be true, but found False.&#xD;
[xUnit.net 00:00:00.21]       Stack Trace:&#xD;
[xUnit.net 00:00:00.21]            at FluentAssertions.Execution.XUnit2TestFramework.Throw(String message)&#xD;
[xUnit.net 00:00:00.21]            at FluentAssertions.Execution.TestFrameworkProvider.Throw(String message)&#xD;
[xUnit.net 00:00:00.21]            at FluentAssertions.Execution.DefaultAssertionStrategy.HandleFailure(String message)&#xD;
[xUnit.net 00:00:00.21]            at FluentAssertions.Execution.AssertionScope.FailWith(Func`1 failReasonFunc)&#xD;
[xUnit.net 00:00:00.21]            at FluentAssertions.Execution.AssertionScope.FailWith(Func`1 failReasonFunc)&#xD;
[xUnit.net 00:00:00.21]            at FluentAssertions.Execution.AssertionScope.FailWith(String message, Object[] args)&#xD;
[xUnit.net 00:00:00.21]            at FluentAssertions.Primitives.BooleanAssertions`1.BeTrue(String because, Object[] becauseArgs)&#xD;
[xUnit.net 00:00:00.21]         D:\Projects\Active\Mods\XCOM2_WOTC\Xcom2Modding\XCom2ConfigParser2\XCom2ConfigParser2.Tests\StructValidation\VariableTypeResolverTests.cs(136,0): at XCom2ConfigParser2.Tests.StructValidation.VariableTypeResolverTests.VariableTypeResolver_Resolve_CaseInsensitiveProperty_FindsProperty()&#xD;
[xUnit.net 00:00:00.21]            at System.Reflection.MethodBaseInvoker.InterpretedInvoke_Method(Object obj, IntPtr* args)&#xD;
[xUnit.net 00:00:00.21]            at System.Reflection.MethodBaseInvoker.InvokeWithNoArgs(Object obj, BindingFlags invokeAttr)&#xD;
[xUnit.net 00:00:00.21]       Expected result.Found to be true, but found False.&#xD;
[xUnit.net 00:00:00.21]       Stack Trace:&#xD;
[xUnit.net 00:00:00.21]            at FluentAssertions.Execution.XUnit2TestFramework.Throw(String message)&#xD;
[xUnit.net 00:00:00.21]            at FluentAssertions.Execution.TestFrameworkProvider.Throw(String message)&#xD;
[xUnit.net 00:00:00.21]            at FluentAssertions.Execution.DefaultAssertionStrategy.HandleFailure(String message)&#xD;
[xUnit.net 00:00:00.21]            at FluentAssertions.Execution.AssertionScope.FailWith(Func`1 failReasonFunc)&#xD;
[xUnit.net 00:00:00.21]            at FluentAssertions.Execution.AssertionScope.FailWith(Func`1 failReasonFunc)&#xD;
[xUnit.net 00:00:00.21]            at FluentAssertions.Execution.AssertionScope.FailWith(String message, Object[] args)&#xD;
[xUnit.net 00:00:00.21]            at FluentAssertions.Primitives.BooleanAssertions`1.BeTrue(String because, Object[] becauseArgs)&#xD;
[xUnit.net 00:00:00.21]         D:\Projects\Active\Mods\XCOM2_WOTC\Xcom2Modding\XCom2ConfigParser2\XCom2ConfigParser2.Tests\StructValidation\VariableTypeResolverTests.cs(156,0): at XCom2ConfigParser2.Tests.StructValidation.VariableTypeResolverTests.VariableTypeResolver_Resolve_ArrayType_StripsArraySuffix()&#xD;
[xUnit.net 00:00:00.21]            at System.Reflection.MethodBaseInvoker.InterpretedInvoke_Method(Object obj, IntPtr* args)&#xD;
[xUnit.net 00:00:00.21]            at System.Reflection.MethodBaseInvoker.InvokeWithNoArgs(Object obj, BindingFlags invokeAttr)&#xD;
[xUnit.net 00:00:00.22]       Expected result.Found to be true, but found False.&#xD;
[xUnit.net 00:00:00.22]       Stack Trace:&#xD;
[xUnit.net 00:00:00.22]            at FluentAssertions.Execution.XUnit2TestFramework.Throw(String message)&#xD;
[xUnit.net 00:00:00.22]            at FluentAssertions.Execution.TestFrameworkProvider.Throw(String message)&#xD;
[xUnit.net 00:00:00.22]            at FluentAssertions.Execution.DefaultAssertionStrategy.HandleFailure(String message)&#xD;
[xUnit.net 00:00:00.22]            at FluentAssertions.Execution.AssertionScope.FailWith(Func`1 failReasonFunc)&#xD;
[xUnit.net 00:00:00.22]            at FluentAssertions.Execution.AssertionScope.FailWith(Func`1 failReasonFunc)&#xD;
[xUnit.net 00:00:00.22]            at FluentAssertions.Execution.AssertionScope.FailWith(String message, Object[] args)&#xD;
[xUnit.net 00:00:00.22]            at FluentAssertions.Primitives.BooleanAssertions`1.BeTrue(String because, Object[] becauseArgs)&#xD;
[xUnit.net 00:00:00.22]         D:\Projects\Active\Mods\XCOM2_WOTC\Xcom2Modding\XCom2ConfigParser2\XCom2ConfigParser2.Tests\StructValidation\StructDefinitionResolverTests.cs(214,0): at XCom2ConfigParser2.Tests.StructValidation.StructDefinitionResolverTests.StructDefinitionResolver_Resolve_StructWithArrayFields_ParsesCorrectly()&#xD;
[xUnit.net 00:00:00.22]            at System.Reflection.MethodBaseInvoker.InterpretedInvoke_Method(Object obj, IntPtr* args)&#xD;
[xUnit.net 00:00:00.22]            at System.Reflection.MethodBaseInvoker.InvokeWithNoArgs(Object obj, BindingFlags invokeAttr)&#xD;
[xUnit.net 00:00:00.22]       Expected result.Found to be true, but found False.&#xD;
[xUnit.net 00:00:00.22]       Stack Trace:&#xD;
[xUnit.net 00:00:00.22]            at FluentAssertions.Execution.XUnit2TestFramework.Throw(String message)&#xD;
[xUnit.net 00:00:00.22]            at FluentAssertions.Execution.TestFrameworkProvider.Throw(String message)&#xD;
[xUnit.net 00:00:00.22]            at FluentAssertions.Execution.DefaultAssertionStrategy.HandleFailure(String message)&#xD;
[xUnit.net 00:00:00.22]            at FluentAssertions.Execution.AssertionScope.FailWith(Func`1 failReasonFunc)&#xD;
[xUnit.net 00:00:00.22]            at FluentAssertions.Execution.AssertionScope.FailWith(Func`1 failReasonFunc)&#xD;
[xUnit.net 00:00:00.22]            at FluentAssertions.Execution.AssertionScope.FailWith(String message, Object[] args)&#xD;
[xUnit.net 00:00:00.22]            at FluentAssertions.Primitives.BooleanAssertions`1.BeTrue(String because, Object[] becauseArgs)&#xD;
[xUnit.net 00:00:00.22]         D:\Projects\Active\Mods\XCOM2_WOTC\Xcom2Modding\XCom2ConfigParser2\XCom2ConfigParser2.Tests\StructValidation\StructDefinitionResolverTests.cs(132,0): at XCom2ConfigParser2.Tests.StructValidation.StructDefinitionResolverTests.StructDefinitionResolver_Resolve_NestedStructs_RecursiveResolution()&#xD;
[xUnit.net 00:00:00.22]            at System.Reflection.MethodBaseInvoker.InterpretedInvoke_Method(Object obj, IntPtr* args)&#xD;
[xUnit.net 00:00:00.22]            at System.Reflection.MethodBaseInvoker.InvokeWithNoArgs(Object obj, BindingFlags invokeAttr)&#xD;
[xUnit.net 00:00:00.23]   Finished:    XCom2ConfigParser2.Tests&#xD;
</StdOut>
    </Output>
    <RunInfos>
      <RunInfo computerName="THESRIPC" outcome="Error" timestamp="2026-03-23T03:23:19.8440886+05:30">
        <Text>[xUnit.net 00:00:00.20]     XCom2ConfigParser2.Tests.StructValidation.StructDefinitionResolverTests.StructDefinitionResolver_Resolve_ProjectSource_FindsStruct [FAIL]</Text>
      </RunInfo>
      <RunInfo computerName="THESRIPC" outcome="Error" timestamp="2026-03-23T03:23:19.8458739+05:30">
        <Text>[xUnit.net 00:00:00.21]     XCom2ConfigParser2.Tests.StructValidation.VariableTypeResolverTests.VariableTypeResolver_Resolve_PrimitiveVariable_ReturnsPrimitiveType [FAIL]</Text>
      </RunInfo>
      <RunInfo computerName="THESRIPC" outcome="Error" timestamp="2026-03-23T03:23:19.8465286+05:30">
        <Text>[xUnit.net 00:00:00.21]     XCom2ConfigParser2.Tests.StructValidation.VariableTypeResolverTests.VariableTypeResolver_Resolve_ValidClassFile_ReturnsVariableType [FAIL]</Text>
      </RunInfo>
      <RunInfo computerName="THESRIPC" outcome="Error" timestamp="2026-03-23T03:23:19.8469612+05:30">
        <Text>[xUnit.net 00:00:00.21]     XCom2ConfigParser2.Tests.StructValidation.StructDefinitionResolverTests.StructDefinitionResolver_Resolve_CircularReference_DoesNotStackOverflow [FAIL]</Text>
      </RunInfo>
      <RunInfo computerName="THESRIPC" outcome="Error" timestamp="2026-03-23T03:23:19.8511991+05:30">
        <Text>[xUnit.net 00:00:00.21]     XCom2ConfigParser2.Tests.StructValidation.VariableTypeResolverTests.VariableTypeResolver_Resolve_CaseInsensitiveProperty_FindsProperty [FAIL]</Text>
      </RunInfo>
      <RunInfo computerName="THESRIPC" outcome="Error" timestamp="2026-03-23T03:23:19.8526731+05:30">
        <Text>[xUnit.net 00:00:00.21]     XCom2ConfigParser2.Tests.StructValidation.VariableTypeResolverTests.VariableTypeResolver_Resolve_ArrayType_StripsArraySuffix [FAIL]</Text>
      </RunInfo>
      <RunInfo computerName="THESRIPC" outcome="Error" timestamp="2026-03-23T03:23:19.8595717+05:30">
        <Text>[xUnit.net 00:00:00.22]     XCom2ConfigParser2.Tests.StructValidation.StructDefinitionResolverTests.StructDefinitionResolver_Resolve_StructWithArrayFields_ParsesCorrectly [FAIL]</Text>
      </RunInfo>
      <RunInfo computerName="THESRIPC" outcome="Error" timestamp="2026-03-23T03:23:19.8636185+05:30">
        <Text>[xUnit.net 00:00:00.22]     XCom2ConfigParser2.Tests.StructValidation.StructDefinitionResolverTests.StructDefinitionResolver_Resolve_NestedStructs_RecursiveResolution [FAIL]</Text>
      </RunInfo>
    </RunInfos>
  </ResultSummary>
</TestRun>