<?xml version="1.0" encoding="utf-8"?>
<TestRun id="aee2706a-894f-44fe-9fe9-fcde67f7f580" name="user@THESRIPC 2026-03-23 03:27:45" runUser="THESRIPC\user" xmlns="http://microsoft.com/schemas/VisualStudio/TeamTest/2010">
  <Times creation="2026-03-23T03:27:45.0665674+05:30" queuing="2026-03-23T03:27:45.0665676+05:30" start="2026-03-23T03:27:44.4795732+05:30" finish="2026-03-23T03:27:45.0724244+05:30" />
  <TestSettings name="default" id="eb92eca4-bdc4-437b-9f7e-460f6001438a">
    <Deployment runDeploymentRoot="user_THESRIPC_2026-03-23_03_27_45" />
  </TestSettings>
  <Results>
    <UnitTestResult executionId="707b22e2-d400-4bfc-b81d-fd91c6799deb" testId="4a298044-d75b-5344-96bd-03fa4f21ca90" testName="XCom2ConfigParser2.Tests.StructValidation.VariableTypeResolverTests.VariableTypeResolver_Resolve_ValidClassFile_ReturnsVariableType" computerName="THESRIPC" duration="00:00:00.0034951" startTime="2026-03-23T03:27:44.9810661+05:30" endTime="2026-03-23T03:27:44.9811462+05:30" testType="13cdc9d9-ddb5-4fa4-a97d-d965ccfc6d4b" outcome="Failed" testListId="8c84fa94-04c1-424b-9868-57a2d4851a1d" relativeResultsDirectory="707b22e2-d400-4bfc-b81d-fd91c6799deb">
      <Output>
        <ErrorInfo>
          <Message>Expected result.Found to be true, but found False.</Message>
          <StackTrace>   at FluentAssertions.Execution.XUnit2TestFramework.Throw(String message)&#xD;
   at FluentAssertions.Execution.TestFrameworkProvider.Throw(String message)&#xD;
   at FluentAssertions.Execution.DefaultAssertionStrategy.HandleFailure(String message)&#xD;
   at FluentAssertions.Execution.AssertionScope.FailWith(Func`1 failReasonFunc)&#xD;
   at FluentAssertions.Execution.AssertionScope.FailWith(Func`1 failReasonFunc)&#xD;
   at FluentAssertions.Execution.AssertionScope.FailWith(String message, Object[] args)&#xD;
   at FluentAssertions.Primitives.BooleanAssertions`1.BeTrue(String because, Object[] becauseArgs)&#xD;
   at XCom2ConfigParser2.Tests.StructValidation.VariableTypeResolverTests.VariableTypeResolver_Resolve_ValidClassFile_ReturnsVariableType() in D:\Projects\Active\Mods\XCOM2_WOTC\Xcom2Modding\XCom2ConfigParser2\XCom2ConfigParser2.Tests\StructValidation\VariableTypeResolverTests.cs:line 43&#xD;
   at System.Reflection.MethodBaseInvoker.InterpretedInvoke_Method(Object obj, IntPtr* args)&#xD;
   at System.Reflection.MethodBaseInvoker.InvokeWithNoArgs(Object obj, BindingFlags invokeAttr)</StackTrace>
        </ErrorInfo>
      </Output>
    </UnitTestResult>
    <UnitTestResult executionId="4a54409c-fe19-4766-876d-f679a947279a" testId="696a216b-7a8e-09d6-3600-ecd111c37c85" testName="XCom2ConfigParser2.Tests.StructValidation.VariableTypeResolverTests.VariableTypeResolver_Resolve_PrimitiveVariable_ReturnsPrimitiveType" computerName="THESRIPC" duration="00:00:00.0444691" startTime="2026-03-23T03:27:44.9384938+05:30" endTime="2026-03-23T03:27:44.9777241+05:30" testType="13cdc9d9-ddb5-4fa4-a97d-d965ccfc6d4b" outcome="Failed" testListId="8c84fa94-04c1-424b-9868-57a2d4851a1d" relativeResultsDirectory="4a54409c-fe19-4766-876d-f679a947279a">
      <Output>
        <ErrorInfo>
          <Message>Expected result.Found to be true, but found False.</Message>
          <StackTrace>   at FluentAssertions.Execution.XUnit2TestFramework.Throw(String message)&#xD;
   at FluentAssertions.Execution.TestFrameworkProvider.Throw(String message)&#xD;
   at FluentAssertions.Execution.DefaultAssertionStrategy.HandleFailure(String message)&#xD;
   at FluentAssertions.Execution.AssertionScope.FailWith(Func`1 failReasonFunc)&#xD;
   at FluentAssertions.Execution.AssertionScope.FailWith(Func`1 failReasonFunc)&#xD;
   at FluentAssertions.Execution.AssertionScope.FailWith(String message, Object[] args)&#xD;
   at FluentAssertions.Primitives.BooleanAssertions`1.BeTrue(String because, Object[] becauseArgs)&#xD;
   at XCom2ConfigParser2.Tests.StructValidation.VariableTypeResolverTests.VariableTypeResolver_Resolve_PrimitiveVariable_ReturnsPrimitiveType() in D:\Projects\Active\Mods\XCOM2_WOTC\Xcom2Modding\XCom2ConfigParser2\XCom2ConfigParser2.Tests\StructValidation\VariableTypeResolverTests.cs:line 66&#xD;
   at System.Reflection.MethodBaseInvoker.InterpretedInvoke_Method(Object obj, IntPtr* args)&#xD;
   at System.Reflection.MethodBaseInvoker.InvokeWithNoArgs(Object obj, BindingFlags invokeAttr)</StackTrace>
        </ErrorInfo>
      </Output>
    </UnitTestResult>
    <UnitTestResult executionId="584fa5c4-6cfc-4d99-a980-a0533494c452" testId="89ea063d-d999-5406-fcf5-884e764a3d9a" testName="XCom2ConfigParser2.Tests.StructValidation.VariableTypeResolverTests.VariableTypeResolver_Resolve_NonExistentClass_ReturnsNotFound" computerName="THESRIPC" duration="00:00:00.0008724" startTime="2026-03-23T03:27:44.9816100+05:30" endTime="2026-03-23T03:27:44.9819092+05:30" testType="13cdc9d9-ddb5-4fa4-a97d-d965ccfc6d4b" outcome="Passed" testListId="8c84fa94-04c1-424b-9868-57a2d4851a1d" relativeResultsDirectory="584fa5c4-6cfc-4d99-a980-a0533494c452" />
    <UnitTestResult executionId="06a07d89-a1f1-4a35-9f52-46e4da6e5dd9" testId="522f5e0c-77ae-d975-6ba3-ff68a4e1f467" testName="XCom2ConfigParser2.Tests.StructValidation.VariableTypeResolverTests.VariableTypeResolver_Resolve_CaseInsensitiveProperty_FindsProperty" computerName="THESRIPC" duration="00:00:00.0023720" startTime="2026-03-23T03:27:44.9820124+05:30" endTime="2026-03-23T03:27:44.9843664+05:30" testType="13cdc9d9-ddb5-4fa4-a97d-d965ccfc6d4b" outcome="Failed" testListId="8c84fa94-04c1-424b-9868-57a2d4851a1d" relativeResultsDirectory="06a07d89-a1f1-4a35-9f52-46e4da6e5dd9">
      <Output>
        <ErrorInfo>
          <Message>Expected result.Found to be true, but found False.</Message>
          <StackTrace>   at FluentAssertions.Execution.XUnit2TestFramework.Throw(String message)&#xD;
   at FluentAssertions.Execution.TestFrameworkProvider.Throw(String message)&#xD;
   at FluentAssertions.Execution.DefaultAssertionStrategy.HandleFailure(String message)&#xD;
   at FluentAssertions.Execution.AssertionScope.FailWith(Func`1 failReasonFunc)&#xD;
   at FluentAssertions.Execution.AssertionScope.FailWith(Func`1 failReasonFunc)&#xD;
   at FluentAssertions.Execution.AssertionScope.FailWith(String message, Object[] args)&#xD;
   at FluentAssertions.Primitives.BooleanAssertions`1.BeTrue(String because, Object[] becauseArgs)&#xD;
   at XCom2ConfigParser2.Tests.StructValidation.VariableTypeResolverTests.VariableTypeResolver_Resolve_CaseInsensitiveProperty_FindsProperty() in D:\Projects\Active\Mods\XCOM2_WOTC\Xcom2Modding\XCom2ConfigParser2\XCom2ConfigParser2.Tests\StructValidation\VariableTypeResolverTests.cs:line 136&#xD;
   at System.Reflection.MethodBaseInvoker.InterpretedInvoke_Method(Object obj, IntPtr* args)&#xD;
   at System.Reflection.MethodBaseInvoker.InvokeWithNoArgs(Object obj, BindingFlags invokeAttr)</StackTrace>
        </ErrorInfo>
      </Output>
    </UnitTestResult>
    <UnitTestResult executionId="b3e5b99a-9116-4597-a12e-0eb3cd3bc29a" testId="a7b27cbd-28e9-6ffe-e402-ec2a83083a12" testName="XCom2ConfigParser2.Tests.StructValidation.VariableTypeResolverTests.VariableTypeResolver_Resolve_ArrayType_StripsArraySuffix" computerName="THESRIPC" duration="00:00:00.0023508" startTime="2026-03-23T03:27:44.9848131+05:30" endTime="2026-03-23T03:27:44.9867855+05:30" testType="13cdc9d9-ddb5-4fa4-a97d-d965ccfc6d4b" outcome="Failed" testListId="8c84fa94-04c1-424b-9868-57a2d4851a1d" relativeResultsDirectory="b3e5b99a-9116-4597-a12e-0eb3cd3bc29a">
      <Output>
        <ErrorInfo>
          <Message>Expected result.Found to be true, but found False.</Message>
          <StackTrace>   at FluentAssertions.Execution.XUnit2TestFramework.Throw(String message)&#xD;
   at FluentAssertions.Execution.TestFrameworkProvider.Throw(String message)&#xD;
   at FluentAssertions.Execution.DefaultAssertionStrategy.HandleFailure(String message)&#xD;
   at FluentAssertions.Execution.AssertionScope.FailWith(Func`1 failReasonFunc)&#xD;
   at FluentAssertions.Execution.AssertionScope.FailWith(Func`1 failReasonFunc)&#xD;
   at FluentAssertions.Execution.AssertionScope.FailWith(String message, Object[] args)&#xD;
   at FluentAssertions.Primitives.BooleanAssertions`1.BeTrue(String because, Object[] becauseArgs)&#xD;
   at XCom2ConfigParser2.Tests.StructValidation.VariableTypeResolverTests.VariableTypeResolver_Resolve_ArrayType_StripsArraySuffix() in D:\Projects\Active\Mods\XCOM2_WOTC\Xcom2Modding\XCom2ConfigParser2\XCom2ConfigParser2.Tests\StructValidation\VariableTypeResolverTests.cs:line 156&#xD;
   at System.Reflection.MethodBaseInvoker.InterpretedInvoke_Method(Object obj, IntPtr* args)&#xD;
   at System.Reflection.MethodBaseInvoker.InvokeWithNoArgs(Object obj, BindingFlags invokeAttr)</StackTrace>
        </ErrorInfo>
      </Output>
    </UnitTestResult>
    <UnitTestResult executionId="f82316a1-7b6b-40c8-9518-bfa4f7419b9e" testId="cd504e22-7fc6-b645-d6a0-5b79264991fa" testName="XCom2ConfigParser2.Tests.StructValidation.VariableTypeResolverTests.VariableTypeResolver_Resolve_InvalidSectionFormat_ReturnsNotFound" computerName="THESRIPC" duration="00:00:00.0009204" startTime="2026-03-23T03:27:44.9379277+05:30" endTime="2026-03-23T03:27:44.9380288+05:30" testType="13cdc9d9-ddb5-4fa4-a97d-d965ccfc6d4b" outcome="Passed" testListId="8c84fa94-04c1-424b-9868-57a2d4851a1d" relativeResultsDirectory="f82316a1-7b6b-40c8-9518-bfa4f7419b9e" />
    <UnitTestResult executionId="feebbae6-2d1f-44b4-a478-2acc0603bfc5" testId="dac75a2b-d872-943b-e3cb-5fe9d9afc176" testName="XCom2ConfigParser2.Tests.StructValidation.VariableTypeResolverTests.VariableTypeResolver_Resolve_NonExistentProperty_ReturnsNotFound" computerName="THESRIPC" duration="00:00:00.0128045" startTime="2026-03-23T03:27:44.9121335+05:30" endTime="2026-03-23T03:27:44.9302069+05:30" testType="13cdc9d9-ddb5-4fa4-a97d-d965ccfc6d4b" outcome="Passed" testListId="8c84fa94-04c1-424b-9868-57a2d4851a1d" relativeResultsDirectory="feebbae6-2d1f-44b4-a478-2acc0603bfc5" />
  </Results>
  <TestDefinitions>
    <UnitTest name="XCom2ConfigParser2.Tests.StructValidation.VariableTypeResolverTests.VariableTypeResolver_Resolve_ArrayType_StripsArraySuffix" storage="d:\projects\active\mods\xcom2_wotc\xcom2modding\xcom2configparser2\xcom2configparser2.tests\bin\debug\net10.0\xcom2configparser2.tests.dll" id="a7b27cbd-28e9-6ffe-e402-ec2a83083a12">
      <Execution id="b3e5b99a-9116-4597-a12e-0eb3cd3bc29a" />
      <TestMethod codeBase="D:\Projects\Active\Mods\XCOM2_WOTC\Xcom2Modding\XCom2ConfigParser2\XCom2ConfigParser2.Tests\bin\Debug\net10.0\XCom2ConfigParser2.Tests.dll" adapterTypeName="executor://xunit/VsTestRunner3/netcore/" className="XCom2ConfigParser2.Tests.StructValidation.VariableTypeResolverTests" name="VariableTypeResolver_Resolve_ArrayType_StripsArraySuffix" />
    </UnitTest>
    <UnitTest name="XCom2ConfigParser2.Tests.StructValidation.VariableTypeResolverTests.VariableTypeResolver_Resolve_InvalidSectionFormat_ReturnsNotFound" storage="d:\projects\active\mods\xcom2_wotc\xcom2modding\xcom2configparser2\xcom2configparser2.tests\bin\debug\net10.0\xcom2configparser2.tests.dll" id="cd504e22-7fc6-b645-d6a0-5b79264991fa">
      <Execution id="f82316a1-7b6b-40c8-9518-bfa4f7419b9e" />
      <TestMethod codeBase="D:\Projects\Active\Mods\XCOM2_WOTC\Xcom2Modding\XCom2ConfigParser2\XCom2ConfigParser2.Tests\bin\Debug\net10.0\XCom2ConfigParser2.Tests.dll" adapterTypeName="executor://xunit/VsTestRunner3/netcore/" className="XCom2ConfigParser2.Tests.StructValidation.VariableTypeResolverTests" name="VariableTypeResolver_Resolve_InvalidSectionFormat_ReturnsNotFound" />
    </UnitTest>
    <UnitTest name="XCom2ConfigParser2.Tests.StructValidation.VariableTypeResolverTests.VariableTypeResolver_Resolve_NonExistentProperty_ReturnsNotFound" storage="d:\projects\active\mods\xcom2_wotc\xcom2modding\xcom2configparser2\xcom2configparser2.tests\bin\debug\net10.0\xcom2configparser2.tests.dll" id="dac75a2b-d872-943b-e3cb-5fe9d9afc176">
      <Execution id="feebbae6-2d1f-44b4-a478-2acc0603bfc5" />
      <TestMethod codeBase="D:\Projects\Active\Mods\XCOM2_WOTC\Xcom2Modding\XCom2ConfigParser2\XCom2ConfigParser2.Tests\bin\Debug\net10.0\XCom2ConfigParser2.Tests.dll" adapterTypeName="executor://xunit/VsTestRunner3/netcore/" className="XCom2ConfigParser2.Tests.StructValidation.VariableTypeResolverTests" name="VariableTypeResolver_Resolve_NonExistentProperty_ReturnsNotFound" />
    </UnitTest>
    <UnitTest name="XCom2ConfigParser2.Tests.StructValidation.VariableTypeResolverTests.VariableTypeResolver_Resolve_NonExistentClass_ReturnsNotFound" storage="d:\projects\active\mods\xcom2_wotc\xcom2modding\xcom2configparser2\xcom2configparser2.tests\bin\debug\net10.0\xcom2configparser2.tests.dll" id="89ea063d-d999-5406-fcf5-884e764a3d9a">
      <Execution id="584fa5c4-6cfc-4d99-a980-a0533494c452" />
      <TestMethod codeBase="D:\Projects\Active\Mods\XCOM2_WOTC\Xcom2Modding\XCom2ConfigParser2\XCom2ConfigParser2.Tests\bin\Debug\net10.0\XCom2ConfigParser2.Tests.dll" adapterTypeName="executor://xunit/VsTestRunner3/netcore/" className="XCom2ConfigParser2.Tests.StructValidation.VariableTypeResolverTests" name="VariableTypeResolver_Resolve_NonExistentClass_ReturnsNotFound" />
    </UnitTest>
    <UnitTest name="XCom2ConfigParser2.Tests.StructValidation.VariableTypeResolverTests.VariableTypeResolver_Resolve_CaseInsensitiveProperty_FindsProperty" storage="d:\projects\active\mods\xcom2_wotc\xcom2modding\xcom2configparser2\xcom2configparser2.tests\bin\debug\net10.0\xcom2configparser2.tests.dll" id="522f5e0c-77ae-d975-6ba3-ff68a4e1f467">
      <Execution id="06a07d89-a1f1-4a35-9f52-46e4da6e5dd9" />
      <TestMethod codeBase="D:\Projects\Active\Mods\XCOM2_WOTC\Xcom2Modding\XCom2ConfigParser2\XCom2ConfigParser2.Tests\bin\Debug\net10.0\XCom2ConfigParser2.Tests.dll" adapterTypeName="executor://xunit/VsTestRunner3/netcore/" className="XCom2ConfigParser2.Tests.StructValidation.VariableTypeResolverTests" name="VariableTypeResolver_Resolve_CaseInsensitiveProperty_FindsProperty" />
    </UnitTest>
    <UnitTest name="XCom2ConfigParser2.Tests.StructValidation.VariableTypeResolverTests.VariableTypeResolver_Resolve_PrimitiveVariable_ReturnsPrimitiveType" storage="d:\projects\active\mods\xcom2_wotc\xcom2modding\xcom2configparser2\xcom2configparser2.tests\bin\debug\net10.0\xcom2configparser2.tests.dll" id="696a216b-7a8e-09d6-3600-ecd111c37c85">
      <Execution id="4a54409c-fe19-4766-876d-f679a947279a" />
      <TestMethod codeBase="D:\Projects\Active\Mods\XCOM2_WOTC\Xcom2Modding\XCom2ConfigParser2\XCom2ConfigParser2.Tests\bin\Debug\net10.0\XCom2ConfigParser2.Tests.dll" adapterTypeName="executor://xunit/VsTestRunner3/netcore/" className="XCom2ConfigParser2.Tests.StructValidation.VariableTypeResolverTests" name="VariableTypeResolver_Resolve_PrimitiveVariable_ReturnsPrimitiveType" />
    </UnitTest>
    <UnitTest name="XCom2ConfigParser2.Tests.StructValidation.VariableTypeResolverTests.VariableTypeResolver_Resolve_ValidClassFile_ReturnsVariableType" storage="d:\projects\active\mods\xcom2_wotc\xcom2modding\xcom2configparser2\xcom2configparser2.tests\bin\debug\net10.0\xcom2configparser2.tests.dll" id="4a298044-d75b-5344-96bd-03fa4f21ca90">
      <Execution id="707b22e2-d400-4bfc-b81d-fd91c6799deb" />
      <TestMethod codeBase="D:\Projects\Active\Mods\XCOM2_WOTC\Xcom2Modding\XCom2ConfigParser2\XCom2ConfigParser2.Tests\bin\Debug\net10.0\XCom2ConfigParser2.Tests.dll" adapterTypeName="executor://xunit/VsTestRunner3/netcore/" className="XCom2ConfigParser2.Tests.StructValidation.VariableTypeResolverTests" name="VariableTypeResolver_Resolve_ValidClassFile_ReturnsVariableType" />
    </UnitTest>
  </TestDefinitions>
  <TestEntries>
    <TestEntry testId="4a298044-d75b-5344-96bd-03fa4f21ca90" executionId="707b22e2-d400-4bfc-b81d-fd91c6799deb" testListId="8c84fa94-04c1-424b-9868-57a2d4851a1d" />
    <TestEntry testId="696a216b-7a8e-09d6-3600-ecd111c37c85" executionId="4a54409c-fe19-4766-876d-f679a947279a" testListId="8c84fa94-04c1-424b-9868-57a2d4851a1d" />
    <TestEntry testId="89ea063d-d999-5406-fcf5-884e764a3d9a" executionId="584fa5c4-6cfc-4d99-a980-a0533494c452" testListId="8c84fa94-04c1-424b-9868-57a2d4851a1d" />
    <TestEntry testId="522f5e0c-77ae-d975-6ba3-ff68a4e1f467" executionId="06a07d89-a1f1-4a35-9f52-46e4da6e5dd9" testListId="8c84fa94-04c1-424b-9868-57a2d4851a1d" />
    <TestEntry testId="a7b27cbd-28e9-6ffe-e402-ec2a83083a12" executionId="b3e5b99a-9116-4597-a12e-0eb3cd3bc29a" testListId="8c84fa94-04c1-424b-9868-57a2d4851a1d" />
    <TestEntry testId="cd504e22-7fc6-b645-d6a0-5b79264991fa" executionId="f82316a1-7b6b-40c8-9518-bfa4f7419b9e" testListId="8c84fa94-04c1-424b-9868-57a2d4851a1d" />
    <TestEntry testId="dac75a2b-d872-943b-e3cb-5fe9d9afc176" executionId="feebbae6-2d1f-44b4-a478-2acc0603bfc5" testListId="8c84fa94-04c1-424b-9868-57a2d4851a1d" />
  </TestEntries>
  <TestLists>
    <TestList name="Results Not in a List" id="8c84fa94-04c1-424b-9868-57a2d4851a1d" />
    <TestList name="All Loaded Results" id="19431567-8539-422a-85d7-44ee4e166bda" />
  </TestLists>
  <ResultSummary outcome="Failed">
    <Counters total="7" executed="7" passed="3" failed="4" error="0" timeout="0" aborted="0" inconclusive="0" passedButRunAborted="0" notRunnable="0" notExecuted="0" disconnected="0" warning="0" completed="0" inProgress="0" pending="0" />
    <Output>
      <StdOut>[xUnit.net 00:00:00.00] xUnit.net VSTest Adapter v3.1.4+50e68bbb8b (64-bit .NET 10.0.2)&#xD;
[xUnit.net 00:00:00.05]   Discovering: XCom2ConfigParser2.Tests&#xD;
[xUnit.net 00:00:00.08]   Discovered:  XCom2ConfigParser2.Tests&#xD;
[xUnit.net 00:00:00.10]   Starting:    XCom2ConfigParser2.Tests&#xD;
[xUnit.net 00:00:00.18]       Expected result.Found to be true, but found False.&#xD;
[xUnit.net 00:00:00.18]       Stack Trace:&#xD;
[xUnit.net 00:00:00.18]            at FluentAssertions.Execution.XUnit2TestFramework.Throw(String message)&#xD;
[xUnit.net 00:00:00.18]            at FluentAssertions.Execution.TestFrameworkProvider.Throw(String message)&#xD;
[xUnit.net 00:00:00.18]            at FluentAssertions.Execution.DefaultAssertionStrategy.HandleFailure(String message)&#xD;
[xUnit.net 00:00:00.18]            at FluentAssertions.Execution.AssertionScope.FailWith(Func`1 failReasonFunc)&#xD;
[xUnit.net 00:00:00.18]            at FluentAssertions.Execution.AssertionScope.FailWith(Func`1 failReasonFunc)&#xD;
[xUnit.net 00:00:00.18]            at FluentAssertions.Execution.AssertionScope.FailWith(String message, Object[] args)&#xD;
[xUnit.net 00:00:00.18]            at FluentAssertions.Primitives.BooleanAssertions`1.BeTrue(String because, Object[] becauseArgs)&#xD;
[xUnit.net 00:00:00.18]         D:\Projects\Active\Mods\XCOM2_WOTC\Xcom2Modding\XCom2ConfigParser2\XCom2ConfigParser2.Tests\StructValidation\VariableTypeResolverTests.cs(66,0): at XCom2ConfigParser2.Tests.StructValidation.VariableTypeResolverTests.VariableTypeResolver_Resolve_PrimitiveVariable_ReturnsPrimitiveType()&#xD;
[xUnit.net 00:00:00.18]            at System.Reflection.MethodBaseInvoker.InterpretedInvoke_Method(Object obj, IntPtr* args)&#xD;
[xUnit.net 00:00:00.18]            at System.Reflection.MethodBaseInvoker.InvokeWithNoArgs(Object obj, BindingFlags invokeAttr)&#xD;
[xUnit.net 00:00:00.19]       Expected result.Found to be true, but found False.&#xD;
[xUnit.net 00:00:00.19]       Stack Trace:&#xD;
[xUnit.net 00:00:00.19]            at FluentAssertions.Execution.XUnit2TestFramework.Throw(String message)&#xD;
[xUnit.net 00:00:00.19]            at FluentAssertions.Execution.TestFrameworkProvider.Throw(String message)&#xD;
[xUnit.net 00:00:00.19]            at FluentAssertions.Execution.DefaultAssertionStrategy.HandleFailure(String message)&#xD;
[xUnit.net 00:00:00.19]            at FluentAssertions.Execution.AssertionScope.FailWith(Func`1 failReasonFunc)&#xD;
[xUnit.net 00:00:00.19]            at FluentAssertions.Execution.AssertionScope.FailWith(Func`1 failReasonFunc)&#xD;
[xUnit.net 00:00:00.19]            at FluentAssertions.Execution.AssertionScope.FailWith(String message, Object[] args)&#xD;
[xUnit.net 00:00:00.19]            at FluentAssertions.Primitives.BooleanAssertions`1.BeTrue(String because, Object[] becauseArgs)&#xD;
[xUnit.net 00:00:00.19]         D:\Projects\Active\Mods\XCOM2_WOTC\Xcom2Modding\XCom2ConfigParser2\XCom2ConfigParser2.Tests\StructValidation\VariableTypeResolverTests.cs(43,0): at XCom2ConfigParser2.Tests.StructValidation.VariableTypeResolverTests.VariableTypeResolver_Resolve_ValidClassFile_ReturnsVariableType()&#xD;
[xUnit.net 00:00:00.19]            at System.Reflection.MethodBaseInvoker.InterpretedInvoke_Method(Object obj, IntPtr* args)&#xD;
[xUnit.net 00:00:00.19]            at System.Reflection.MethodBaseInvoker.InvokeWithNoArgs(Object obj, BindingFlags invokeAttr)&#xD;
[xUnit.net 00:00:00.19]       Expected result.Found to be true, but found False.&#xD;
[xUnit.net 00:00:00.19]       Stack Trace:&#xD;
[xUnit.net 00:00:00.19]            at FluentAssertions.Execution.XUnit2TestFramework.Throw(String message)&#xD;
[xUnit.net 00:00:00.19]            at FluentAssertions.Execution.TestFrameworkProvider.Throw(String message)&#xD;
[xUnit.net 00:00:00.19]            at FluentAssertions.Execution.DefaultAssertionStrategy.HandleFailure(String message)&#xD;
[xUnit.net 00:00:00.19]            at FluentAssertions.Execution.AssertionScope.FailWith(Func`1 failReasonFunc)&#xD;
[xUnit.net 00:00:00.19]            at FluentAssertions.Execution.AssertionScope.FailWith(Func`1 failReasonFunc)&#xD;
[xUnit.net 00:00:00.19]            at FluentAssertions.Execution.AssertionScope.FailWith(String message, Object[] args)&#xD;
[xUnit.net 00:00:00.19]            at FluentAssertions.Primitives.BooleanAssertions`1.BeTrue(String because, Object[] becauseArgs)&#xD;
[xUnit.net 00:00:00.19]         D:\Projects\Active\Mods\XCOM2_WOTC\Xcom2Modding\XCom2ConfigParser2\XCom2ConfigParser2.Tests\StructValidation\VariableTypeResolverTests.cs(136,0): at XCom2ConfigParser2.Tests.StructValidation.VariableTypeResolverTests.VariableTypeResolver_Resolve_CaseInsensitiveProperty_FindsProperty()&#xD;
[xUnit.net 00:00:00.19]            at System.Reflection.MethodBaseInvoker.InterpretedInvoke_Method(Object obj, IntPtr* args)&#xD;
[xUnit.net 00:00:00.19]            at System.Reflection.MethodBaseInvoker.InvokeWithNoArgs(Object obj, BindingFlags invokeAttr)&#xD;
[xUnit.net 00:00:00.19]       Expected result.Found to be true, but found False.&#xD;
[xUnit.net 00:00:00.19]       Stack Trace:&#xD;
[xUnit.net 00:00:00.19]            at FluentAssertions.Execution.XUnit2TestFramework.Throw(String message)&#xD;
[xUnit.net 00:00:00.19]            at FluentAssertions.Execution.TestFrameworkProvider.Throw(String message)&#xD;
[xUnit.net 00:00:00.19]            at FluentAssertions.Execution.DefaultAssertionStrategy.HandleFailure(String message)&#xD;
[xUnit.net 00:00:00.19]            at FluentAssertions.Execution.AssertionScope.FailWith(Func`1 failReasonFunc)&#xD;
[xUnit.net 00:00:00.19]            at FluentAssertions.Execution.AssertionScope.FailWith(Func`1 failReasonFunc)&#xD;
[xUnit.net 00:00:00.19]            at FluentAssertions.Execution.AssertionScope.FailWith(String message, Object[] args)&#xD;
[xUnit.net 00:00:00.19]            at FluentAssertions.Primitives.BooleanAssertions`1.BeTrue(String because, Object[] becauseArgs)&#xD;
[xUnit.net 00:00:00.19]         D:\Projects\Active\Mods\XCOM2_WOTC\Xcom2Modding\XCom2ConfigParser2\XCom2ConfigParser2.Tests\StructValidation\VariableTypeResolverTests.cs(156,0): at XCom2ConfigParser2.Tests.StructValidation.VariableTypeResolverTests.VariableTypeResolver_Resolve_ArrayType_StripsArraySuffix()&#xD;
[xUnit.net 00:00:00.19]            at System.Reflection.MethodBaseInvoker.InterpretedInvoke_Method(Object obj, IntPtr* args)&#xD;
[xUnit.net 00:00:00.19]            at System.Reflection.MethodBaseInvoker.InvokeWithNoArgs(Object obj, BindingFlags invokeAttr)&#xD;
[xUnit.net 00:00:00.19]   Finished:    XCom2ConfigParser2.Tests&#xD;
</StdOut>
    </Output>
    <RunInfos>
      <RunInfo computerName="THESRIPC" outcome="Error" timestamp="2026-03-23T03:27:44.9795334+05:30">
        <Text>[xUnit.net 00:00:00.18]     XCom2ConfigParser2.Tests.StructValidation.VariableTypeResolverTests.VariableTypeResolver_Resolve_PrimitiveVariable_ReturnsPrimitiveType [FAIL]</Text>
      </RunInfo>
      <RunInfo computerName="THESRIPC" outcome="Error" timestamp="2026-03-23T03:27:44.9813032+05:30">
        <Text>[xUnit.net 00:00:00.19]     XCom2ConfigParser2.Tests.StructValidation.VariableTypeResolverTests.VariableTypeResolver_Resolve_ValidClassFile_ReturnsVariableType [FAIL]</Text>
      </RunInfo>
      <RunInfo computerName="THESRIPC" outcome="Error" timestamp="2026-03-23T03:27:44.9845152+05:30">
        <Text>[xUnit.net 00:00:00.19]     XCom2ConfigParser2.Tests.StructValidation.VariableTypeResolverTests.VariableTypeResolver_Resolve_CaseInsensitiveProperty_FindsProperty [FAIL]</Text>
      </RunInfo>
      <RunInfo computerName="THESRIPC" outcome="Error" timestamp="2026-03-23T03:27:44.9869288+05:30">
        <Text>[xUnit.net 00:00:00.19]     XCom2ConfigParser2.Tests.StructValidation.VariableTypeResolverTests.VariableTypeResolver_Resolve_ArrayType_StripsArraySuffix [FAIL]</Text>
      </RunInfo>
    </RunInfos>
  </ResultSummary>
</TestRun>